# JRE version: OpenJDK Runtime Environment (8.0_191-b12) (build 1.8.0_191-b12)
# Java VM: OpenJDK 64-Bit Server VM (25.191-b12 mixed mode linux-amd64 compressed oops)
Heap:
 def new generation   total 9472K, used 0K [0x00000000f0800000, 0x00000000f1240000, 0x00000000f5aa0000)
  eden space 8448K,   0% used [0x00000000f0800000, 0x00000000f0800000, 0x00000000f1040000)
  from space 1024K,   0% used [0x00000000f1040000, 0x00000000f1040000, 0x00000000f1140000)
  to   space 1024K,   0% used [0x00000000f1140000, 0x00000000f1140000, 0x00000000f1240000)
 tenured generation   total 23844K, used 23814K [0x00000000f5aa0000, 0x00000000f71e9000, 0x0000000100000000)
   the space 23844K,  99% used [0x00000000f5aa0000, 0x00000000f71e1988, 0x00000000f71e1a00, 0x00000000f71e9000)
 Metaspace       used 23102K, capacity 23742K, committed 23808K, reserved 1071104K
  class space    used 2630K, capacity 2795K, committed 2816K, reserved 1048576K
GC Heap History (93 events):
Event: 0.320 GC heap before
{Heap before GC invocations=0 (full 0):
 def new generation   total 4928K, used 4416K [0x00000000f0800000, 0x00000000f0d50000, 0x00000000f5aa0000)
  eden space 4416K, 100% used [0x00000000f0800000, 0x00000000f0c50000, 0x00000000f0c50000)
  from space 512K,   0% used [0x00000000f0c50000, 0x00000000f0c50000, 0x00000000f0cd0000)
  to   space 512K,   0% used [0x00000000f0cd0000, 0x00000000f0cd0000, 0x00000000f0d50000)
 tenured generation   total 10944K, used 0K [0x00000000f5aa0000, 0x00000000f6550000, 0x0000000100000000)
   the space 10944K,   0% used [0x00000000f5aa0000, 0x00000000f5aa0000, 0x00000000f5aa0200, 0x00000000f6550000)
 Metaspace       used 5019K, capacity 5260K, committed 5504K, reserved 1056768K
  class space    used 481K, capacity 568K, committed 640K, reserved 1048576K
Event: 0.323 GC heap after
Heap after GC invocations=1 (full 0):
 def new generation   total 4928K, used 512K [0x00000000f0800000, 0x00000000f0d50000, 0x00000000f5aa0000)
  eden space 4416K,   0% used [0x00000000f0800000, 0x00000000f0800000, 0x00000000f0c50000)
  from space 512K, 100% used [0x00000000f0cd0000, 0x00000000f0d50000, 0x00000000f0d50000)
  to   space 512K,   0% used [0x00000000f0c50000, 0x00000000f0c50000, 0x00000000f0cd0000)
 tenured generation   total 10944K, used 899K [0x00000000f5aa0000, 0x00000000f6550000, 0x0000000100000000)
   the space 10944K,   8% used [0x00000000f5aa0000, 0x00000000f5b80c08, 0x00000000f5b80e00, 0x00000000f6550000)
 Metaspace       used 5019K, capacity 5260K, committed 5504K, reserved 1056768K
  class space    used 481K, capacity 568K, committed 640K, reserved 1048576K
}
Event: 0.464 GC heap before
{Heap before GC invocations=1 (full 0):
 def new generation   total 4928K, used 4928K [0x00000000f0800000, 0x00000000f0d50000, 0x00000000f5aa0000)
  eden space 4416K, 100% used [0x00000000f0800000, 0x00000000f0c50000, 0x00000000f0c50000)
  from space 512K, 100% used [0x00000000f0cd0000, 0x00000000f0d50000, 0x00000000f0d50000)
  to   space 512K,   0% used [0x00000000f0c50000, 0x00000000f0c50000, 0x00000000f0cd0000)
 tenured generation   total 10944K, used 899K [0x00000000f5aa0000, 0x00000000f6550000, 0x0000000100000000)
   the space 10944K,   8% used [0x00000000f5aa0000, 0x00000000f5b80c08, 0x00000000f5b80e00, 0x00000000f6550000)
 Metaspace       used 5792K, capacity 5916K, committed 6016K, reserved 1056768K
  class space    used 590K, capacity 632K, committed 640K, reserved 1048576K
Event: 0.467 GC heap after
Heap after GC invocations=2 (full 0):
 def new generation   total 4928K, used 511K [0x00000000f0800000, 0x00000000f0d50000, 0x00000000f5aa0000)
  eden space 4416K,   0% used [0x00000000f0800000, 0x00000000f0800000, 0x00000000f0c50000)
  from space 512K,  99% used [0x00000000f0c50000, 0x00000000f0ccfff8, 0x00000000f0cd0000)
  to   space 512K,   0% used [0x00000000f0cd0000, 0x00000000f0cd0000, 0x00000000f0d50000)
 tenured generation   total 10944K, used 1603K [0x00000000f5aa0000, 0x00000000f6550000, 0x0000000100000000)
   the space 10944K,  14% used [0x00000000f5aa0000, 0x00000000f5c30fa0, 0x00000000f5c31000, 0x00000000f6550000)
 Metaspace       used 5792K, capacity 5916K, committed 6016K, reserved 1056768K
  class space    used 590K, capacity 632K, committed 640K, reserved 1048576K
}
Event: 0.570 GC heap before
{Heap before GC invocations=2 (full 0):
 def new generation   total 4928K, used 4926K [0x00000000f0800000, 0x00000000f0d50000, 0x00000000f5aa0000)
  eden space 4416K,  99% used [0x00000000f0800000, 0x00000000f0c4fbe8, 0x00000000f0c50000)
  from space 512K,  99% used [0x00000000f0c50000, 0x00000000f0ccfff8, 0x00000000f0cd0000)
  to   space 512K,   0% used [0x00000000f0cd0000, 0x00000000f0cd0000, 0x00000000f0d50000)
 tenured generation   total 10944K, used 1603K [0x00000000f5aa0000, 0x00000000f6550000, 0x0000000100000000)
   the space 10944K,  14% used [0x00000000f5aa0000, 0x00000000f5c30fa0, 0x00000000f5c31000, 0x00000000f6550000)
 Metaspace       used 6668K, capacity 6812K, committed 6912K, reserved 1056768K
  class space    used 702K, capacity 760K, committed 768K, reserved 1048576K
Event: 0.571 GC heap after
Heap after GC invocations=3 (full 0):
 def new generation   total 4928K, used 512K [0x00000000f0800000, 0x00000000f0d50000, 0x00000000f5aa0000)
  eden space 4416K,   0% used [0x00000000f0800000, 0x00000000f0800000, 0x00000000f0c50000)
  from space 512K, 100% used [0x00000000f0cd0000, 0x00000000f0d50000, 0x00000000f0d50000)
  to   space 512K,   0% used [0x00000000f0c50000, 0x00000000f0c50000, 0x00000000f0cd0000)
 tenured generation   total 10944K, used 2036K [0x00000000f5aa0000, 0x00000000f6550000, 0x0000000100000000)
   the space 10944K,  18% used [0x00000000f5aa0000, 0x00000000f5c9d348, 0x00000000f5c9d400, 0x00000000f6550000)
 Metaspace       used 6668K, capacity 6812K, committed 6912K, reserved 1056768K
  class space    used 702K, capacity 760K, committed 768K, reserved 1048576K
}
Event: 0.681 GC heap before
{Heap before GC invocations=3 (full 0):
 def new generation   total 4928K, used 4928K [0x00000000f0800000, 0x00000000f0d50000, 0x00000000f5aa0000)
  eden space 4416K, 100% used [0x00000000f0800000, 0x00000000f0c50000, 0x00000000f0c50000)
  from space 512K, 100% used [0x00000000f0cd0000, 0x00000000f0d50000, 0x00000000f0d50000)
  to   space 512K,   0% used [0x00000000f0c50000, 0x00000000f0c50000, 0x00000000f0cd0000)
 tenured generation   total 10944K, used 2036K [0x00000000f5aa0000, 0x00000000f6550000, 0x0000000100000000)
   the space 10944K,  18% used [0x00000000f5aa0000, 0x00000000f5c9d348, 0x00000000f5c9d400, 0x00000000f6550000)
 Metaspace       used 7580K, capacity 7708K, committed 7808K, reserved 1056768K
  class space    used 835K, capacity 888K, committed 896K, reserved 1048576K
Event: 0.683 GC heap after
Heap after GC invocations=4 (full 0):
 def new generation   total 4928K, used 511K [0x00000000f0800000, 0x00000000f0d50000, 0x00000000f5aa0000)
  eden space 4416K,   0% used [0x00000000f0800000, 0x00000000f0800000, 0x00000000f0c50000)
  from space 512K,  99% used [0x00000000f0c50000, 0x00000000f0ccfff0, 0x00000000f0cd0000)
  to   space 512K,   0% used [0x00000000f0cd0000, 0x00000000f0cd0000, 0x00000000f0d50000)
 tenured generation   total 10944K, used 2350K [0x00000000f5aa0000, 0x00000000f6550000, 0x0000000100000000)
   the space 10944K,  21% used [0x00000000f5aa0000, 0x00000000f5ceb930, 0x00000000f5ceba00, 0x00000000f6550000)
 Metaspace       used 7580K, capacity 7708K, committed 7808K, reserved 1056768K
  class space    used 835K, capacity 888K, committed 896K, reserved 1048576K
}
Event: 0.801 GC heap before
{Heap before GC invocations=4 (full 0):
 def new generation   total 4928K, used 4927K [0x00000000f0800000, 0x00000000f0d50000, 0x00000000f5aa0000)
  eden space 4416K, 100% used [0x00000000f0800000, 0x00000000f0c50000, 0x00000000f0c50000)
  from space 512K,  99% used [0x00000000f0c50000, 0x00000000f0ccfff0, 0x00000000f0cd0000)
  to   space 512K,   0% used [0x00000000f0cd0000, 0x00000000f0cd0000, 0x00000000f0d50000)
 tenured generation   total 10944K, used 2350K [0x00000000f5aa0000, 0x00000000f6550000, 0x0000000100000000)
   the space 10944K,  21% used [0x00000000f5aa0000, 0x00000000f5ceb930, 0x00000000f5ceba00, 0x00000000f6550000)
 Metaspace       used 8078K, capacity 8188K, committed 8448K, reserved 1056768K
  class space    used 905K, capacity 984K, committed 1024K, reserved 1048576K
Event: 0.803 GC heap after
Heap after GC invocations=5 (full 0):
 def new generation   total 4928K, used 511K [0x00000000f0800000, 0x00000000f0d50000, 0x00000000f5aa0000)
  eden space 4416K,   0% used [0x00000000f0800000, 0x00000000f0800000, 0x00000000f0c50000)
  from space 512K,  99% used [0x00000000f0cd0000, 0x00000000f0d4fff0, 0x00000000f0d50000)
  to   space 512K,   0% used [0x00000000f0c50000, 0x00000000f0c50000, 0x00000000f0cd0000)
 tenured generation   total 10944K, used 2580K [0x00000000f5aa0000, 0x00000000f6550000, 0x0000000100000000)
   the space 10944K,  23% used [0x00000000f5aa0000, 0x00000000f5d25198, 0x00000000f5d25200, 0x00000000f6550000)
 Metaspace       used 8078K, capacity 8188K, committed 8448K, reserved 1056768K
  class space    used 905K, capacity 984K, committed 1024K, reserved 1048576K
}
Event: 0.866 GC heap before
{Heap before GC invocations=5 (full 0):
 def new generation   total 4928K, used 4927K [0x00000000f0800000, 0x00000000f0d50000, 0x00000000f5aa0000)
  eden space 4416K, 100% used [0x00000000f0800000, 0x00000000f0c50000, 0x00000000f0c50000)
  from space 512K,  99% used [0x00000000f0cd0000, 0x00000000f0d4fff0, 0x00000000f0d50000)
  to   space 512K,   0% used [0x00000000f0c50000, 0x00000000f0c50000, 0x00000000f0cd0000)
 tenured generation   total 10944K, used 2580K [0x00000000f5aa0000, 0x00000000f6550000, 0x0000000100000000)
   the space 10944K,  23% used [0x00000000f5aa0000, 0x00000000f5d25198, 0x00000000f5d25200, 0x00000000f6550000)
 Metaspace       used 8238K, capacity 8348K, committed 8448K, reserved 1056768K
  class space    used 931K, capacity 1016K, committed 1024K, reserved 1048576K
Event: 0.867 GC heap after
Heap after GC invocations=6 (full 0):
 def new generation   total 4928K, used 352K [0x00000000f0800000, 0x00000000f0d50000, 0x00000000f5aa0000)
  eden space 4416K,   0% used [0x00000000f0800000, 0x00000000f0800000, 0x00000000f0c50000)
  from space 512K,  68% used [0x00000000f0c50000, 0x00000000f0ca8088, 0x00000000f0cd0000)
  to   space 512K,   0% used [0x00000000f0cd0000, 0x00000000f0cd0000, 0x00000000f0d50000)
 tenured generation   total 10944K, used 2827K [0x00000000f5aa0000, 0x00000000f6550000, 0x0000000100000000)
   the space 10944K,  25% used [0x00000000f5aa0000, 0x00000000f5d62e08, 0x00000000f5d63000, 0x00000000f6550000)
 Metaspace       used 8238K, capacity 8348K, committed 8448K, reserved 1056768K
  class space    used 931K, capacity 1016K, committed 1024K, reserved 1048576K
}
Event: 0.933 GC heap before
{Heap before GC invocations=6 (full 0):
 def new generation   total 4928K, used 4768K [0x00000000f0800000, 0x00000000f0d50000, 0x00000000f5aa0000)
  eden space 4416K, 100% used [0x00000000f0800000, 0x00000000f0c50000, 0x00000000f0c50000)
  from space 512K,  68% used [0x00000000f0c50000, 0x00000000f0ca8088, 0x00000000f0cd0000)
  to   space 512K,   0% used [0x00000000f0cd0000, 0x00000000f0cd0000, 0x00000000f0d50000)
 tenured generation   total 10944K, used 2827K [0x00000000f5aa0000, 0x00000000f6550000, 0x0000000100000000)
   the space 10944K,  25% used [0x00000000f5aa0000, 0x00000000f5d62e08, 0x00000000f5d63000, 0x00000000f6550000)
 Metaspace       used 8351K, capacity 8476K, committed 8704K, reserved 1056768K
  class space    used 963K, capacity 1016K, committed 1024K, reserved 1048576K
Event: 0.934 GC heap after
Heap after GC invocations=7 (full 0):
 def new generation   total 4928K, used 282K [0x00000000f0800000, 0x00000000f0d50000, 0x00000000f5aa0000)
  eden space 4416K,   0% used [0x00000000f0800000, 0x00000000f0800000, 0x00000000f0c50000)
  from space 512K,  55% used [0x00000000f0cd0000, 0x00000000f0d169a8, 0x00000000f0d50000)
  to   space 512K,   0% used [0x00000000f0c50000, 0x00000000f0c50000, 0x00000000f0cd0000)
 tenured generation   total 10944K, used 2947K [0x00000000f5aa0000, 0x00000000f6550000, 0x0000000100000000)
   the space 10944K,  26% used [0x00000000f5aa0000, 0x00000000f5d80ee8, 0x00000000f5d81000, 0x00000000f6550000)
 Metaspace       used 8351K, capacity 8476K, committed 8704K, reserved 1056768K
  class space    used 963K, capacity 1016K, committed 1024K, reserved 1048576K
}
Event: 1.060 GC heap before
{Heap before GC invocations=7 (full 0):
 def new generation   total 4928K, used 4698K [0x00000000f0800000, 0x00000000f0d50000, 0x00000000f5aa0000)
  eden space 4416K, 100% used [0x00000000f0800000, 0x00000000f0c50000, 0x00000000f0c50000)
  from space 512K,  55% used [0x00000000f0cd0000, 0x00000000f0d169a8, 0x00000000f0d50000)
  to   space 512K,   0% used [0x00000000f0c50000, 0x00000000f0c50000, 0x00000000f0cd0000)
 tenured generation   total 10944K, used 2947K [0x00000000f5aa0000, 0x00000000f6550000, 0x0000000100000000)
   the space 10944K,  26% used [0x00000000f5aa0000, 0x00000000f5d80ee8, 0x00000000f5d81000, 0x00000000f6550000)
 Metaspace       used 8887K, capacity 9058K, committed 9344K, reserved 1056768K
  class space    used 1019K, capacity 1081K, committed 1152K, reserved 1048576K
Event: 1.061 GC heap after
Heap after GC invocations=8 (full 0):
 def new generation   total 4928K, used 511K [0x00000000f0800000, 0x00000000f0d50000, 0x00000000f5aa0000)
  eden space 4416K,   0% used [0x00000000f0800000, 0x00000000f0800000, 0x00000000f0c50000)
  from space 512K,  99% used [0x00000000f0c50000, 0x00000000f0ccfff0, 0x00000000f0cd0000)
  to   space 512K,   0% used [0x00000000f0cd0000, 0x00000000f0cd0000, 0x00000000f0d50000)
 tenured generation   total 10944K, used 3320K [0x00000000f5aa0000, 0x00000000f6550000, 0x0000000100000000)
   the space 10944K,  30% used [0x00000000f5aa0000, 0x00000000f5dde130, 0x00000000f5dde200, 0x00000000f6550000)
 Metaspace       used 8887K, capacity 9058K, committed 9344K, reserved 1056768K
  class space    used 1019K, capacity 1081K, committed 1152K, reserved 1048576K
}
Event: 1.117 GC heap before
{Heap before GC invocations=8 (full 0):
 def new generation   total 4928K, used 4927K [0x00000000f0800000, 0x00000000f0d50000, 0x00000000f5aa0000)
  eden space 4416K, 100% used [0x00000000f0800000, 0x00000000f0c50000, 0x00000000f0c50000)
  from space 512K,  99% used [0x00000000f0c50000, 0x00000000f0ccfff0, 0x00000000f0cd0000)
  to   space 512K,   0% used [0x00000000f0cd0000, 0x00000000f0cd0000, 0x00000000f0d50000)
 tenured generation   total 10944K, used 3320K [0x00000000f5aa0000, 0x00000000f6550000, 0x0000000100000000)
   the space 10944K,  30% used [0x00000000f5aa0000, 0x00000000f5dde130, 0x00000000f5dde200, 0x00000000f6550000)
 Metaspace       used 9222K, capacity 9352K, committed 9600K, reserved 1058816K
  class space    used 1056K, capacity 1114K, committed 1152K, reserved 1048576K
Event: 1.119 GC heap after
Heap after GC invocations=9 (full 0):
 def new generation   total 4928K, used 511K [0x00000000f0800000, 0x00000000f0d50000, 0x00000000f5aa0000)
  eden space 4416K,   0% used [0x00000000f0800000, 0x00000000f0800000, 0x00000000f0c50000)
  from space 512K,  99% used [0x00000000f0cd0000, 0x00000000f0d4fff0, 0x00000000f0d50000)
  to   space 512K,   0% used [0x00000000f0c50000, 0x00000000f0c50000, 0x00000000f0cd0000)
 tenured generation   total 10944K, used 3723K [0x00000000f5aa0000, 0x00000000f6550000, 0x0000000100000000)
   the space 10944K,  34% used [0x00000000f5aa0000, 0x00000000f5e42f90, 0x00000000f5e43000, 0x00000000f6550000)
 Metaspace       used 9222K, capacity 9352K, committed 9600K, reserved 1058816K
  class space    used 1056K, capacity 1114K, committed 1152K, reserved 1048576K
}
Event: 1.201 GC heap before
{Heap before GC invocations=9 (full 0):
 def new generation   total 4928K, used 4927K [0x00000000f0800000, 0x00000000f0d50000, 0x00000000f5aa0000)
  eden space 4416K, 100% used [0x00000000f0800000, 0x00000000f0c50000, 0x00000000f0c50000)
  from space 512K,  99% used [0x00000000f0cd0000, 0x00000000f0d4fff0, 0x00000000f0d50000)
  to   space 512K,   0% used [0x00000000f0c50000, 0x00000000f0c50000, 0x00000000f0cd0000)
 tenured generation   total 10944K, used 3723K [0x00000000f5aa0000, 0x00000000f6550000, 0x0000000100000000)
   the space 10944K,  34% used [0x00000000f5aa0000, 0x00000000f5e42f90, 0x00000000f5e43000, 0x00000000f6550000)
 Metaspace       used 9918K, capacity 10000K, committed 10240K, reserved 1058816K
  class space    used 1140K, capacity 1182K, committed 1280K, reserved 1048576K
Event: 1.202 GC heap after
Heap after GC invocations=10 (full 0):
 def new generation   total 4928K, used 512K [0x00000000f0800000, 0x00000000f0d50000, 0x00000000f5aa0000)
  eden space 4416K,   0% used [0x00000000f0800000, 0x00000000f0800000, 0x00000000f0c50000)
  from space 512K, 100% used [0x00000000f0c50000, 0x00000000f0cd0000, 0x00000000f0cd0000)
  to   space 512K,   0% used [0x00000000f0cd0000, 0x00000000f0cd0000, 0x00000000f0d50000)
 tenured generation   total 10944K, used 4018K [0x00000000f5aa0000, 0x00000000f6550000, 0x0000000100000000)
   the space 10944K,  36% used [0x00000000f5aa0000, 0x00000000f5e8c878, 0x00000000f5e8ca00, 0x00000000f6550000)
 Metaspace       used 9918K, capacity 10000K, committed 10240K, reserved 1058816K
  class space    used 1140K, capacity 1182K, committed 1280K, reserved 1048576K
}
Event: 1.292 GC heap before
{Heap before GC invocations=10 (full 0):
 def new generation   total 4928K, used 4928K [0x00000000f0800000, 0x00000000f0d50000, 0x00000000f5aa0000)
  eden space 4416K, 100% used [0x00000000f0800000, 0x00000000f0c50000, 0x00000000f0c50000)
  from space 512K, 100% used [0x00000000f0c50000, 0x00000000f0cd0000, 0x00000000f0cd0000)
  to   space 512K,   0% used [0x00000000f0cd0000, 0x00000000f0cd0000, 0x00000000f0d50000)
 tenured generation   total 10944K, used 4018K [0x00000000f5aa0000, 0x00000000f6550000, 0x0000000100000000)
   the space 10944K,  36% used [0x00000000f5aa0000, 0x00000000f5e8c878, 0x00000000f5e8ca00, 0x00000000f6550000)
 Metaspace       used 10507K, capacity 10682K, committed 10880K, reserved 1058816K
  class space    used 1224K, capacity 1283K, committed 1408K, reserved 1048576K
Event: 1.294 GC heap after
Heap after GC invocations=11 (full 0):
 def new generation   total 4928K, used 511K [0x00000000f0800000, 0x00000000f0d50000, 0x00000000f5aa0000)
  eden space 4416K,   0% used [0x00000000f0800000, 0x00000000f0800000, 0x00000000f0c50000)
  from space 512K,  99% used [0x00000000f0cd0000, 0x00000000f0d4fff8, 0x00000000f0d50000)
  to   space 512K,   0% used [0x00000000f0c50000, 0x00000000f0c50000, 0x00000000f0cd0000)
 tenured generation   total 10944K, used 4429K [0x00000000f5aa0000, 0x00000000f6550000, 0x0000000100000000)
   the space 10944K,  40% used [0x00000000f5aa0000, 0x00000000f5ef3408, 0x00000000f5ef3600, 0x00000000f6550000)
 Metaspace       used 10507K, capacity 10682K, committed 10880K, reserved 1058816K
  class space    used 1224K, capacity 1283K, committed 1408K, reserved 1048576K
}
Event: 1.371 GC heap before
{Heap before GC invocations=11 (full 0):
 def new generation   total 4928K, used 4927K [0x00000000f0800000, 0x00000000f0d50000, 0x00000000f5aa0000)
  eden space 4416K, 100% used [0x00000000f0800000, 0x00000000f0c50000, 0x00000000f0c50000)
  from space 512K,  99% used [0x00000000f0cd0000, 0x00000000f0d4fff8, 0x00000000f0d50000)
  to   space 512K,   0% used [0x00000000f0c50000, 0x00000000f0c50000, 0x00000000f0cd0000)
 tenured generation   total 10944K, used 4429K [0x00000000f5aa0000, 0x00000000f6550000, 0x0000000100000000)
   the space 10944K,  40% used [0x00000000f5aa0000, 0x00000000f5ef3408, 0x00000000f5ef3600, 0x00000000f6550000)
 Metaspace       used 11097K, capacity 11230K, committed 11392K, reserved 1058816K
  class space    used 1303K, capacity 1379K, committed 1408K, reserved 1048576K
Event: 1.373 GC heap after
Heap after GC invocations=12 (full 0):
 def new generation   total 4928K, used 512K [0x00000000f0800000, 0x00000000f0d50000, 0x00000000f5aa0000)
  eden space 4416K,   0% used [0x00000000f0800000, 0x00000000f0800000, 0x00000000f0c50000)
  from space 512K, 100% used [0x00000000f0c50000, 0x00000000f0cd0000, 0x00000000f0cd0000)
  to   space 512K,   0% used [0x00000000f0cd0000, 0x00000000f0cd0000, 0x00000000f0d50000)
 tenured generation   total 10944K, used 4937K [0x00000000f5aa0000, 0x00000000f6550000, 0x0000000100000000)
   the space 10944K,  45% used [0x00000000f5aa0000, 0x00000000f5f72738, 0x00000000f5f72800, 0x00000000f6550000)
 Metaspace       used 11097K, capacity 11230K, committed 11392K, reserved 1058816K
  class space    used 1303K, capacity 1379K, committed 1408K, reserved 1048576K
}
Event: 1.459 GC heap before
{Heap before GC invocations=12 (full 0):
 def new generation   total 4928K, used 4928K [0x00000000f0800000, 0x00000000f0d50000, 0x00000000f5aa0000)
  eden space 4416K, 100% used [0x00000000f0800000, 0x00000000f0c50000, 0x00000000f0c50000)
  from space 512K, 100% used [0x00000000f0c50000, 0x00000000f0cd0000, 0x00000000f0cd0000)
  to   space 512K,   0% used [0x00000000f0cd0000, 0x00000000f0cd0000, 0x00000000f0d50000)
 tenured generation   total 10944K, used 4937K [0x00000000f5aa0000, 0x00000000f6550000, 0x0000000100000000)
   the space 10944K,  45% used [0x00000000f5aa0000, 0x00000000f5f72738, 0x00000000f5f72800, 0x00000000f6550000)
 Metaspace       used 11635K, capacity 11752K, committed 12032K, reserved 1060864K
  class space    used 1378K, capacity 1444K, committed 1536K, reserved 1048576K
Event: 1.461 GC heap after
Heap after GC invocations=13 (full 0):
 def new generation   total 4928K, used 512K [0x00000000f0800000, 0x00000000f0d50000, 0x00000000f5aa0000)
  eden space 4416K,   0% used [0x00000000f0800000, 0x00000000f0800000, 0x00000000f0c50000)
  from space 512K, 100% used [0x00000000f0cd0000, 0x00000000f0d50000, 0x00000000f0d50000)
  to   space 512K,   0% used [0x00000000f0c50000, 0x00000000f0c50000, 0x00000000f0cd0000)
 tenured generation   total 10944K, used 5521K [0x00000000f5aa0000, 0x00000000f6550000, 0x0000000100000000)
   the space 10944K,  50% used [0x00000000f5aa0000, 0x00000000f6004578, 0x00000000f6004600, 0x00000000f6550000)
 Metaspace       used 11635K, capacity 11752K, committed 12032K, reserved 1060864K
  class space    used 1378K, capacity 1444K, committed 1536K, reserved 1048576K
}
Event: 1.543 GC heap before
{Heap before GC invocations=13 (full 0):
 def new generation   total 4928K, used 4928K [0x00000000f0800000, 0x00000000f0d50000, 0x00000000f5aa0000)
  eden space 4416K, 100% used [0x00000000f0800000, 0x00000000f0c50000, 0x00000000f0c50000)
  from space 512K, 100% used [0x00000000f0cd0000, 0x00000000f0d50000, 0x00000000f0d50000)
  to   space 512K,   0% used [0x00000000f0c50000, 0x00000000f0c50000, 0x00000000f0cd0000)
 tenured generation   total 10944K, used 5521K [0x00000000f5aa0000, 0x00000000f6550000, 0x0000000100000000)
   the space 10944K,  50% used [0x00000000f5aa0000, 0x00000000f6004578, 0x00000000f6004600, 0x00000000f6550000)
 Metaspace       used 12169K, capacity 12360K, committed 12672K, reserved 1060864K
  class space    used 1453K, capacity 1540K, committed 1664K, reserved 1048576K
Event: 1.546 GC heap after
Heap after GC invocations=14 (full 0):
 def new generation   total 4928K, used 511K [0x00000000f0800000, 0x00000000f0d50000, 0x00000000f5aa0000)
  eden space 4416K,   0% used [0x00000000f0800000, 0x00000000f0800000, 0x00000000f0c50000)
  from space 512K,  99% used [0x00000000f0c50000, 0x00000000f0ccfff8, 0x00000000f0cd0000)
  to   space 512K,   0% used [0x00000000f0cd0000, 0x00000000f0cd0000, 0x00000000f0d50000)
 tenured generation   total 10944K, used 6090K [0x00000000f5aa0000, 0x00000000f6550000, 0x0000000100000000)
   the space 10944K,  55% used [0x00000000f5aa0000, 0x00000000f6092ba8, 0x00000000f6092c00, 0x00000000f6550000)
 Metaspace       used 12169K, capacity 12360K, committed 12672K, reserved 1060864K
  class space    used 1453K, capacity 1540K, committed 1664K, reserved 1048576K
}
Event: 1.684 GC heap before
{Heap before GC invocations=14 (full 0):
 def new generation   total 4928K, used 4927K [0x00000000f0800000, 0x00000000f0d50000, 0x00000000f5aa0000)
  eden space 4416K, 100% used [0x00000000f0800000, 0x00000000f0c50000, 0x00000000f0c50000)
  from space 512K,  99% used [0x00000000f0c50000, 0x00000000f0ccfff8, 0x00000000f0cd0000)
  to   space 512K,   0% used [0x00000000f0cd0000, 0x00000000f0cd0000, 0x00000000f0d50000)
 tenured generation   total 10944K, used 6090K [0x00000000f5aa0000, 0x00000000f6550000, 0x0000000100000000)
   the space 10944K,  55% used [0x00000000f5aa0000, 0x00000000f6092ba8, 0x00000000f6092c00, 0x00000000f6550000)
 Metaspace       used 12644K, capacity 12814K, committed 12928K, reserved 1060864K
  class space    used 1528K, capacity 1605K, committed 1664K, reserved 1048576K
Event: 1.686 GC heap after
Heap after GC invocations=15 (full 0):
 def new generation   total 4928K, used 511K [0x00000000f0800000, 0x00000000f0d50000, 0x00000000f5aa0000)
  eden space 4416K,   0% used [0x00000000f0800000, 0x00000000f0800000, 0x00000000f0c50000)
  from space 512K,  99% used [0x00000000f0cd0000, 0x00000000f0d4fff8, 0x00000000f0d50000)
  to   space 512K,   0% used [0x00000000f0c50000, 0x00000000f0c50000, 0x00000000f0cd0000)
 tenured generation   total 10944K, used 6511K [0x00000000f5aa0000, 0x00000000f6550000, 0x0000000100000000)
   the space 10944K,  59% used [0x00000000f5aa0000, 0x00000000f60fbcf0, 0x00000000f60fbe00, 0x00000000f6550000)
 Metaspace       used 12644K, capacity 12814K, committed 12928K, reserved 1060864K
  class space    used 1528K, capacity 1605K, committed 1664K, reserved 1048576K
}
Event: 1.929 GC heap before
{Heap before GC invocations=15 (full 0):
 def new generation   total 4928K, used 4927K [0x00000000f0800000, 0x00000000f0d50000, 0x00000000f5aa0000)
  eden space 4416K, 100% used [0x00000000f0800000, 0x00000000f0c50000, 0x00000000f0c50000)
  from space 512K,  99% used [0x00000000f0cd0000, 0x00000000f0d4fff8, 0x00000000f0d50000)
  to   space 512K,   0% used [0x00000000f0c50000, 0x00000000f0c50000, 0x00000000f0cd0000)
 tenured generation   total 10944K, used 6511K [0x00000000f5aa0000, 0x00000000f6550000, 0x0000000100000000)
   the space 10944K,  59% used [0x00000000f5aa0000, 0x00000000f60fbcf0, 0x00000000f60fbe00, 0x00000000f6550000)
 Metaspace       used 13483K, capacity 13738K, committed 13824K, reserved 1060864K
  class space    used 1610K, capacity 1711K, committed 1792K, reserved 1048576K
Event: 1.932 GC heap after
Heap after GC invocations=16 (full 0):
 def new generation   total 4928K, used 511K [0x00000000f0800000, 0x00000000f0d50000, 0x00000000f5aa0000)
  eden space 4416K,   0% used [0x00000000f0800000, 0x00000000f0800000, 0x00000000f0c50000)
  from space 512K,  99% used [0x00000000f0c50000, 0x00000000f0ccfff8, 0x00000000f0cd0000)
  to   space 512K,   0% used [0x00000000f0cd0000, 0x00000000f0cd0000, 0x00000000f0d50000)
 tenured generation   total 10944K, used 6972K [0x00000000f5aa0000, 0x00000000f6550000, 0x0000000100000000)
   the space 10944K,  63% used [0x00000000f5aa0000, 0x00000000f616f180, 0x00000000f616f200, 0x00000000f6550000)
 Metaspace       used 13483K, capacity 13738K, committed 13824K, reserved 1060864K
  class space    used 1610K, capacity 1711K, committed 1792K, reserved 1048576K
}
Event: 2.193 GC heap before
{Heap before GC invocations=16 (full 0):
 def new generation   total 4928K, used 4927K [0x00000000f0800000, 0x00000000f0d50000, 0x00000000f5aa0000)
  eden space 4416K, 100% used [0x00000000f0800000, 0x00000000f0c50000, 0x00000000f0c50000)
  from space 512K,  99% used [0x00000000f0c50000, 0x00000000f0ccfff8, 0x00000000f0cd0000)
  to   space 512K,   0% used [0x00000000f0cd0000, 0x00000000f0cd0000, 0x00000000f0d50000)
 tenured generation   total 10944K, used 6972K [0x00000000f5aa0000, 0x00000000f6550000, 0x0000000100000000)
   the space 10944K,  63% used [0x00000000f5aa0000, 0x00000000f616f180, 0x00000000f616f200, 0x00000000f6550000)
 Metaspace       used 14598K, capacity 14850K, committed 14976K, reserved 1062912K
  class space    used 1728K, capacity 1847K, committed 1920K, reserved 1048576K
Event: 2.197 GC heap after
Heap after GC invocations=17 (full 0):
 def new generation   total 4928K, used 512K [0x00000000f0800000, 0x00000000f0d50000, 0x00000000f5aa0000)
  eden space 4416K,   0% used [0x00000000f0800000, 0x00000000f0800000, 0x00000000f0c50000)
  from space 512K, 100% used [0x00000000f0cd0000, 0x00000000f0d50000, 0x00000000f0d50000)
  to   space 512K,   0% used [0x00000000f0c50000, 0x00000000f0c50000, 0x00000000f0cd0000)
 tenured generation   total 10944K, used 7757K [0x00000000f5aa0000, 0x00000000f6550000, 0x0000000100000000)
   the space 10944K,  70% used [0x00000000f5aa0000, 0x00000000f6233740, 0x00000000f6233800, 0x00000000f6550000)
 Metaspace       used 14598K, capacity 14850K, committed 14976K, reserved 1062912K
  class space    used 1728K, capacity 1847K, committed 1920K, reserved 1048576K
}
Event: 2.325 GC heap before
{Heap before GC invocations=17 (full 0):
 def new generation   total 4928K, used 4928K [0x00000000f0800000, 0x00000000f0d50000, 0x00000000f5aa0000)
  eden space 4416K, 100% used [0x00000000f0800000, 0x00000000f0c50000, 0x00000000f0c50000)
  from space 512K, 100% used [0x00000000f0cd0000, 0x00000000f0d50000, 0x00000000f0d50000)
  to   space 512K,   0% used [0x00000000f0c50000, 0x00000000f0c50000, 0x00000000f0cd0000)
 tenured generation   total 10944K, used 7757K [0x00000000f5aa0000, 0x00000000f6550000, 0x0000000100000000)
   the space 10944K,  70% used [0x00000000f5aa0000, 0x00000000f6233740, 0x00000000f6233800, 0x00000000f6550000)
 Metaspace       used 15338K, capacity 15554K, committed 15744K, reserved 1062912K
  class space    used 1803K, capacity 1911K, committed 1920K, reserved 1048576K
Event: 2.331 GC heap after
Heap after GC invocations=18 (full 0):
 def new generation   total 4928K, used 512K [0x00000000f0800000, 0x00000000f0d50000, 0x00000000f5aa0000)
  eden space 4416K,   0% used [0x00000000f0800000, 0x00000000f0800000, 0x00000000f0c50000)
  from space 512K, 100% used [0x00000000f0c50000, 0x00000000f0cd0000, 0x00000000f0cd0000)
  to   space 512K,   0% used [0x00000000f0cd0000, 0x00000000f0cd0000, 0x00000000f0d50000)
 tenured generation   total 10944K, used 9043K [0x00000000f5aa0000, 0x00000000f6550000, 0x0000000100000000)
   the space 10944K,  82% used [0x00000000f5aa0000, 0x00000000f6374d00, 0x00000000f6374e00, 0x00000000f6550000)
 Metaspace       used 15338K, capacity 15554K, committed 15744K, reserved 1062912K
  class space    used 1803K, capacity 1911K, committed 1920K, reserved 1048576K
}
Event: 2.493 GC heap before
{Heap before GC invocations=18 (full 0):
 def new generation   total 4928K, used 4928K [0x00000000f0800000, 0x00000000f0d50000, 0x00000000f5aa0000)
  eden space 4416K, 100% used [0x00000000f0800000, 0x00000000f0c50000, 0x00000000f0c50000)
  from space 512K, 100% used [0x00000000f0c50000, 0x00000000f0cd0000, 0x00000000f0cd0000)
  to   space 512K,   0% used [0x00000000f0cd0000, 0x00000000f0cd0000, 0x00000000f0d50000)
 tenured generation   total 10944K, used 9043K [0x00000000f5aa0000, 0x00000000f6550000, 0x0000000100000000)
   the space 10944K,  82% used [0x00000000f5aa0000, 0x00000000f6374d00, 0x00000000f6374e00, 0x00000000f6550000)
 Metaspace       used 15559K, capacity 15796K, committed 16128K, reserved 1062912K
  class space    used 1830K, capacity 1946K, committed 2048K, reserved 1048576K
Event: 2.497 GC heap after
Heap after GC invocations=19 (full 0):
 def new generation   total 4928K, used 512K [0x00000000f0800000, 0x00000000f0d50000, 0x00000000f5aa0000)
  eden space 4416K,   0% used [0x00000000f0800000, 0x00000000f0800000, 0x00000000f0c50000)
  from space 512K, 100% used [0x00000000f0cd0000, 0x00000000f0d50000, 0x00000000f0d50000)
  to   space 512K,   0% used [0x00000000f0c50000, 0x00000000f0c50000, 0x00000000f0cd0000)
 tenured generation   total 10944K, used 9677K [0x00000000f5aa0000, 0x00000000f6550000, 0x0000000100000000)
   the space 10944K,  88% used [0x00000000f5aa0000, 0x00000000f64137d8, 0x00000000f6413800, 0x00000000f6550000)
 Metaspace       used 15559K, capacity 15796K, committed 16128K, reserved 1062912K
  class space    used 1830K, capacity 1946K, committed 2048K, reserved 1048576K
}
Event: 2.581 GC heap before
{Heap before GC invocations=19 (full 0):
 def new generation   total 4928K, used 4926K [0x00000000f0800000, 0x00000000f0d50000, 0x00000000f5aa0000)
  eden space 4416K,  99% used [0x00000000f0800000, 0x00000000f0c4fa30, 0x00000000f0c50000)
  from space 512K, 100% used [0x00000000f0cd0000, 0x00000000f0d50000, 0x00000000f0d50000)
  to   space 512K,   0% used [0x00000000f0c50000, 0x00000000f0c50000, 0x00000000f0cd0000)
 tenured generation   total 10944K, used 9677K [0x00000000f5aa0000, 0x00000000f6550000, 0x0000000100000000)
   the space 10944K,  88% used [0x00000000f5aa0000, 0x00000000f64137d8, 0x00000000f6413800, 0x00000000f6550000)
 Metaspace       used 15687K, capacity 15924K, committed 16128K, reserved 1062912K
  class space    used 1836K, capacity 1946K, committed 2048K, reserved 1048576K
Event: 2.586 GC heap after
Heap after GC invocations=20 (full 0):
 def new generation   total 4928K, used 512K [0x00000000f0800000, 0x00000000f0d50000, 0x00000000f5aa0000)
  eden space 4416K,   0% used [0x00000000f0800000, 0x00000000f0800000, 0x00000000f0c50000)
  from space 512K, 100% used [0x00000000f0c50000, 0x00000000f0cd0000, 0x00000000f0cd0000)
  to   space 512K,   0% used [0x00000000f0cd0000, 0x00000000f0cd0000, 0x00000000f0d50000)
 tenured generation   total 10944K, used 10683K [0x00000000f5aa0000, 0x00000000f6550000, 0x0000000100000000)
   the space 10944K,  97% used [0x00000000f5aa0000, 0x00000000f650ed08, 0x00000000f650ee00, 0x00000000f6550000)
 Metaspace       used 15687K, capacity 15924K, committed 16128K, reserved 1062912K
  class space    used 1836K, capacity 1946K, committed 2048K, reserved 1048576K
}
Event: 2.654 GC heap before
{Heap before GC invocations=20 (full 0):
 def new generation   total 4928K, used 4928K [0x00000000f0800000, 0x00000000f0d50000, 0x00000000f5aa0000)
  eden space 4416K, 100% used [0x00000000f0800000, 0x00000000f0c50000, 0x00000000f0c50000)
  from space 512K, 100% used [0x00000000f0c50000, 0x00000000f0cd0000, 0x00000000f0cd0000)
  to   space 512K,   0% used [0x00000000f0cd0000, 0x00000000f0cd0000, 0x00000000f0d50000)
 tenured generation   total 10944K, used 10683K [0x00000000f5aa0000, 0x00000000f6550000, 0x0000000100000000)
   the space 10944K,  97% used [0x00000000f5aa0000, 0x00000000f650ed08, 0x00000000f650ee00, 0x00000000f6550000)
 Metaspace       used 15722K, capacity 15936K, committed 16128K, reserved 1062912K
  class space    used 1838K, capacity 1948K, committed 2048K, reserved 1048576K
Event: 2.685 GC heap after
Heap after GC invocations=21 (full 1):
 def new generation   total 6336K, used 0K [0x00000000f0800000, 0x00000000f0ee0000, 0x00000000f5aa0000)
  eden space 5632K,   0% used [0x00000000f0800000, 0x00000000f0800000, 0x00000000f0d80000)
  from space 704K,   0% used [0x00000000f0d80000, 0x00000000f0d80000, 0x00000000f0e30000)
  to   space 704K,   0% used [0x00000000f0e30000, 0x00000000f0e30000, 0x00000000f0ee0000)
 tenured generation   total 13996K, used 8396K [0x00000000f5aa0000, 0x00000000f684b000, 0x0000000100000000)
   the space 13996K,  59% used [0x00000000f5aa0000, 0x00000000f62d3038, 0x00000000f62d3200, 0x00000000f684b000)
 Metaspace       used 15722K, capacity 15936K, committed 16128K, reserved 1062912K
  class space    used 1838K, capacity 1948K, committed 2048K, reserved 1048576K
}
Event: 2.782 GC heap before
{Heap before GC invocations=21 (full 1):
 def new generation   total 6336K, used 5632K [0x00000000f0800000, 0x00000000f0ee0000, 0x00000000f5aa0000)
  eden space 5632K, 100% used [0x00000000f0800000, 0x00000000f0d80000, 0x00000000f0d80000)
  from space 704K,   0% used [0x00000000f0d80000, 0x00000000f0d80000, 0x00000000f0e30000)
  to   space 704K,   0% used [0x00000000f0e30000, 0x00000000f0e30000, 0x00000000f0ee0000)
 tenured generation   total 13996K, used 8396K [0x00000000f5aa0000, 0x00000000f684b000, 0x0000000100000000)
   the space 13996K,  59% used [0x00000000f5aa0000, 0x00000000f62d3038, 0x00000000f62d3200, 0x00000000f684b000)
 Metaspace       used 15761K, capacity 16000K, committed 16128K, reserved 1062912K
  class space    used 1839K, capacity 1948K, committed 2048K, reserved 1048576K
Event: 2.785 GC heap after
Heap after GC invocations=22 (full 1):
 def new generation   total 6336K, used 558K [0x00000000f0800000, 0x00000000f0ee0000, 0x00000000f5aa0000)
  eden space 5632K,   0% used [0x00000000f0800000, 0x00000000f0800000, 0x00000000f0d80000)
  from space 704K,  79% used [0x00000000f0e30000, 0x00000000f0ebbb10, 0x00000000f0ee0000)
  to   space 704K,   0% used [0x00000000f0d80000, 0x00000000f0d80000, 0x00000000f0e30000)
 tenured generation   total 13996K, used 8396K [0x00000000f5aa0000, 0x00000000f684b000, 0x0000000100000000)
   the space 13996K,  59% used [0x00000000f5aa0000, 0x00000000f62d3038, 0x00000000f62d3200, 0x00000000f684b000)
 Metaspace       used 15761K, capacity 16000K, committed 16128K, reserved 1062912K
  class space    used 1839K, capacity 1948K, committed 2048K, reserved 1048576K
}
Event: 2.914 GC heap before
{Heap before GC invocations=22 (full 1):
 def new generation   total 6336K, used 6190K [0x00000000f0800000, 0x00000000f0ee0000, 0x00000000f5aa0000)
  eden space 5632K, 100% used [0x00000000f0800000, 0x00000000f0d80000, 0x00000000f0d80000)
  from space 704K,  79% used [0x00000000f0e30000, 0x00000000f0ebbb10, 0x00000000f0ee0000)
  to   space 704K,   0% used [0x00000000f0d80000, 0x00000000f0d80000, 0x00000000f0e30000)
 tenured generation   total 13996K, used 8396K [0x00000000f5aa0000, 0x00000000f684b000, 0x0000000100000000)
   the space 13996K,  59% used [0x00000000f5aa0000, 0x00000000f62d3038, 0x00000000f62d3200, 0x00000000f684b000)
 Metaspace       used 15835K, capacity 16064K, committed 16384K, reserved 1062912K
  class space    used 1840K, capacity 1948K, committed 2048K, reserved 1048576K
Event: 2.920 GC heap after
Heap after GC invocations=23 (full 1):
 def new generation   total 6336K, used 703K [0x00000000f0800000, 0x00000000f0ee0000, 0x00000000f5aa0000)
  eden space 5632K,   0% used [0x00000000f0800000, 0x00000000f0800000, 0x00000000f0d80000)
  from space 704K,  99% used [0x00000000f0d80000, 0x00000000f0e2fff8, 0x00000000f0e30000)
  to   space 704K,   0% used [0x00000000f0e30000, 0x00000000f0e30000, 0x00000000f0ee0000)
 tenured generation   total 13996K, used 9357K [0x00000000f5aa0000, 0x00000000f684b000, 0x0000000100000000)
   the space 13996K,  66% used [0x00000000f5aa0000, 0x00000000f63c3440, 0x00000000f63c3600, 0x00000000f684b000)
 Metaspace       used 15835K, capacity 16064K, committed 16384K, reserved 1062912K
  class space    used 1840K, capacity 1948K, committed 2048K, reserved 1048576K
}
Event: 3.062 GC heap before
{Heap before GC invocations=23 (full 1):
 def new generation   total 6336K, used 6335K [0x00000000f0800000, 0x00000000f0ee0000, 0x00000000f5aa0000)
  eden space 5632K, 100% used [0x00000000f0800000, 0x00000000f0d80000, 0x00000000f0d80000)
  from space 704K,  99% used [0x00000000f0d80000, 0x00000000f0e2fff8, 0x00000000f0e30000)
  to   space 704K,   0% used [0x00000000f0e30000, 0x00000000f0e30000, 0x00000000f0ee0000)
 tenured generation   total 13996K, used 9357K [0x00000000f5aa0000, 0x00000000f684b000, 0x0000000100000000)
   the space 13996K,  66% used [0x00000000f5aa0000, 0x00000000f63c3440, 0x00000000f63c3600, 0x00000000f684b000)
 Metaspace       used 15978K, capacity 16198K, committed 16384K, reserved 1062912K
  class space    used 1849K, capacity 1949K, committed 2048K, reserved 1048576K
Event: 3.066 GC heap after
Heap after GC invocations=24 (full 1):
 def new generation   total 6336K, used 704K [0x00000000f0800000, 0x00000000f0ee0000, 0x00000000f5aa0000)
  eden space 5632K,   0% used [0x00000000f0800000, 0x00000000f0800000, 0x00000000f0d80000)
  from space 704K, 100% used [0x00000000f0e30000, 0x00000000f0ee0000, 0x00000000f0ee0000)
  to   space 704K,   0% used [0x00000000f0d80000, 0x00000000f0d80000, 0x00000000f0e30000)
 tenured generation   total 13996K, used 10298K [0x00000000f5aa0000, 0x00000000f684b000, 0x0000000100000000)
   the space 13996K,  73% used [0x00000000f5aa0000, 0x00000000f64aeb60, 0x00000000f64aec00, 0x00000000f684b000)
 Metaspace       used 15978K, capacity 16198K, committed 16384K, reserved 1062912K
  class space    used 1849K, capacity 1949K, committed 2048K, reserved 1048576K
}
Event: 3.198 GC heap before
{Heap before GC invocations=24 (full 1):
 def new generation   total 6336K, used 6336K [0x00000000f0800000, 0x00000000f0ee0000, 0x00000000f5aa0000)
  eden space 5632K, 100% used [0x00000000f0800000, 0x00000000f0d80000, 0x00000000f0d80000)
  from space 704K, 100% used [0x00000000f0e30000, 0x00000000f0ee0000, 0x00000000f0ee0000)
  to   space 704K,   0% used [0x00000000f0d80000, 0x00000000f0d80000, 0x00000000f0e30000)
 tenured generation   total 13996K, used 10298K [0x00000000f5aa0000, 0x00000000f684b000, 0x0000000100000000)
   the space 13996K,  73% used [0x00000000f5aa0000, 0x00000000f64aeb60, 0x00000000f64aec00, 0x00000000f684b000)
 Metaspace       used 16063K, capacity 16262K, committed 16384K, reserved 1062912K
  class space    used 1857K, capacity 1949K, committed 2048K, reserved 1048576K
Event: 3.201 GC heap after
Heap after GC invocations=25 (full 1):
 def new generation   total 6336K, used 571K [0x00000000f0800000, 0x00000000f0ee0000, 0x00000000f5aa0000)
  eden space 5632K,   0% used [0x00000000f0800000, 0x00000000f0800000, 0x00000000f0d80000)
  from space 704K,  81% used [0x00000000f0d80000, 0x00000000f0e0ecc0, 0x00000000f0e30000)
  to   space 704K,   0% used [0x00000000f0e30000, 0x00000000f0e30000, 0x00000000f0ee0000)
 tenured generation   total 13996K, used 10694K [0x00000000f5aa0000, 0x00000000f684b000, 0x0000000100000000)
   the space 13996K,  76% used [0x00000000f5aa0000, 0x00000000f6511948, 0x00000000f6511a00, 0x00000000f684b000)
 Metaspace       used 16063K, capacity 16262K, committed 16384K, reserved 1062912K
  class space    used 1857K, capacity 1949K, committed 2048K, reserved 1048576K
}
Event: 3.421 GC heap before
{Heap before GC invocations=25 (full 1):
 def new generation   total 6336K, used 6203K [0x00000000f0800000, 0x00000000f0ee0000, 0x00000000f5aa0000)
  eden space 5632K, 100% used [0x00000000f0800000, 0x00000000f0d80000, 0x00000000f0d80000)
  from space 704K,  81% used [0x00000000f0d80000, 0x00000000f0e0ecc0, 0x00000000f0e30000)
  to   space 704K,   0% used [0x00000000f0e30000, 0x00000000f0e30000, 0x00000000f0ee0000)
 tenured generation   total 13996K, used 10694K [0x00000000f5aa0000, 0x00000000f684b000, 0x0000000100000000)
   the space 13996K,  76% used [0x00000000f5aa0000, 0x00000000f6511948, 0x00000000f6511a00, 0x00000000f684b000)
 Metaspace       used 16093K, capacity 16326K, committed 16640K, reserved 1064960K
  class space    used 1858K, capacity 1949K, committed 2048K, reserved 1048576K
Event: 3.424 GC heap after
Heap after GC invocations=26 (full 1):
 def new generation   total 6336K, used 704K [0x00000000f0800000, 0x00000000f0ee0000, 0x00000000f5aa0000)
  eden space 5632K,   0% used [0x00000000f0800000, 0x00000000f0800000, 0x00000000f0d80000)
  from space 704K, 100% used [0x00000000f0e30000, 0x00000000f0ee0000, 0x00000000f0ee0000)
  to   space 704K,   0% used [0x00000000f0d80000, 0x00000000f0d80000, 0x00000000f0e30000)
 tenured generation   total 13996K, used 11204K [0x00000000f5aa0000, 0x00000000f684b000, 0x0000000100000000)
   the space 13996K,  80% used [0x00000000f5aa0000, 0x00000000f6591080, 0x00000000f6591200, 0x00000000f684b000)
 Metaspace       used 16093K, capacity 16326K, committed 16640K, reserved 1064960K
  class space    used 1858K, capacity 1949K, committed 2048K, reserved 1048576K
}
Event: 3.575 GC heap before
{Heap before GC invocations=26 (full 1):
 def new generation   total 6336K, used 6336K [0x00000000f0800000, 0x00000000f0ee0000, 0x00000000f5aa0000)
  eden space 5632K, 100% used [0x00000000f0800000, 0x00000000f0d80000, 0x00000000f0d80000)
  from space 704K, 100% used [0x00000000f0e30000, 0x00000000f0ee0000, 0x00000000f0ee0000)
  to   space 704K,   0% used [0x00000000f0d80000, 0x00000000f0d80000, 0x00000000f0e30000)
 tenured generation   total 13996K, used 11204K [0x00000000f5aa0000, 0x00000000f684b000, 0x0000000100000000)
   the space 13996K,  80% used [0x00000000f5aa0000, 0x00000000f6591080, 0x00000000f6591200, 0x00000000f684b000)
 Metaspace       used 16126K, capacity 16326K, committed 16640K, reserved 1064960K
  class space    used 1858K, capacity 1949K, committed 2048K, reserved 1048576K
Event: 3.579 GC heap after
Heap after GC invocations=27 (full 1):
 def new generation   total 6336K, used 704K [0x00000000f0800000, 0x00000000f0ee0000, 0x00000000f5aa0000)
  eden space 5632K,   0% used [0x00000000f0800000, 0x00000000f0800000, 0x00000000f0d80000)
  from space 704K, 100% used [0x00000000f0d80000, 0x00000000f0e30000, 0x00000000f0e30000)
  to   space 704K,   0% used [0x00000000f0e30000, 0x00000000f0e30000, 0x00000000f0ee0000)
 tenured generation   total 13996K, used 11952K [0x00000000f5aa0000, 0x00000000f684b000, 0x0000000100000000)
   the space 13996K,  85% used [0x00000000f5aa0000, 0x00000000f664c040, 0x00000000f664c200, 0x00000000f684b000)
 Metaspace       used 16126K, capacity 16326K, committed 16640K, reserved 1064960K
  class space    used 1858K, capacity 1949K, committed 2048K, reserved 1048576K
}
Event: 3.733 GC heap before
{Heap before GC invocations=27 (full 1):
 def new generation   total 6336K, used 6336K [0x00000000f0800000, 0x00000000f0ee0000, 0x00000000f5aa0000)
  eden space 5632K, 100% used [0x00000000f0800000, 0x00000000f0d80000, 0x00000000f0d80000)
  from space 704K, 100% used [0x00000000f0d80000, 0x00000000f0e30000, 0x00000000f0e30000)
  to   space 704K,   0% used [0x00000000f0e30000, 0x00000000f0e30000, 0x00000000f0ee0000)
 tenured generation   total 13996K, used 11952K [0x00000000f5aa0000, 0x00000000f684b000, 0x0000000100000000)
   the space 13996K,  85% used [0x00000000f5aa0000, 0x00000000f664c040, 0x00000000f664c200, 0x00000000f684b000)
 Metaspace       used 16229K, capacity 16486K, committed 16640K, reserved 1064960K
  class space    used 1870K, capacity 1981K, committed 2048K, reserved 1048576K
Event: 3.737 GC heap after
Heap after GC invocations=28 (full 1):
 def new generation   total 6336K, used 704K [0x00000000f0800000, 0x00000000f0ee0000, 0x00000000f5aa0000)
  eden space 5632K,   0% used [0x00000000f0800000, 0x00000000f0800000, 0x00000000f0d80000)
  from space 704K, 100% used [0x00000000f0e30000, 0x00000000f0ee0000, 0x00000000f0ee0000)
  to   space 704K,   0% used [0x00000000f0d80000, 0x00000000f0d80000, 0x00000000f0e30000)
 tenured generation   total 13996K, used 12632K [0x00000000f5aa0000, 0x00000000f684b000, 0x0000000100000000)
   the space 13996K,  90% used [0x00000000f5aa0000, 0x00000000f66f6228, 0x00000000f66f6400, 0x00000000f684b000)
 Metaspace       used 16229K, capacity 16486K, committed 16640K, reserved 1064960K
  class space    used 1870K, capacity 1981K, committed 2048K, reserved 1048576K
}
Event: 3.964 GC heap before
{Heap before GC invocations=28 (full 1):
 def new generation   total 6336K, used 6324K [0x00000000f0800000, 0x00000000f0ee0000, 0x00000000f5aa0000)
  eden space 5632K,  99% used [0x00000000f0800000, 0x00000000f0d7d378, 0x00000000f0d80000)
  from space 704K, 100% used [0x00000000f0e30000, 0x00000000f0ee0000, 0x00000000f0ee0000)
  to   space 704K,   0% used [0x00000000f0d80000, 0x00000000f0d80000, 0x00000000f0e30000)
 tenured generation   total 13996K, used 12632K [0x00000000f5aa0000, 0x00000000f684b000, 0x0000000100000000)
   the space 13996K,  90% used [0x00000000f5aa0000, 0x00000000f66f6228, 0x00000000f66f6400, 0x00000000f684b000)
 Metaspace       used 16243K, capacity 16550K, committed 16640K, reserved 1064960K
  class space    used 1871K, capacity 1981K, committed 2048K, reserved 1048576K
Event: 3.967 GC heap after
Heap after GC invocations=29 (full 1):
 def new generation   total 6336K, used 548K [0x00000000f0800000, 0x00000000f0ee0000, 0x00000000f5aa0000)
  eden space 5632K,   0% used [0x00000000f0800000, 0x00000000f0800000, 0x00000000f0d80000)
  from space 704K,  77% used [0x00000000f0d80000, 0x00000000f0e093b8, 0x00000000f0e30000)
  to   space 704K,   0% used [0x00000000f0e30000, 0x00000000f0e30000, 0x00000000f0ee0000)
 tenured generation   total 13996K, used 13214K [0x00000000f5aa0000, 0x00000000f684b000, 0x0000000100000000)
   the space 13996K,  94% used [0x00000000f5aa0000, 0x00000000f67878d8, 0x00000000f6787a00, 0x00000000f684b000)
 Metaspace       used 16243K, capacity 16550K, committed 16640K, reserved 1064960K
  class space    used 1871K, capacity 1981K, committed 2048K, reserved 1048576K
}
Event: 4.100 GC heap before
{Heap before GC invocations=29 (full 1):
 def new generation   total 6336K, used 6180K [0x00000000f0800000, 0x00000000f0ee0000, 0x00000000f5aa0000)
  eden space 5632K, 100% used [0x00000000f0800000, 0x00000000f0d80000, 0x00000000f0d80000)
  from space 704K,  77% used [0x00000000f0d80000, 0x00000000f0e093b8, 0x00000000f0e30000)
  to   space 704K,   0% used [0x00000000f0e30000, 0x00000000f0e30000, 0x00000000f0ee0000)
 tenured generation   total 13996K, used 13214K [0x00000000f5aa0000, 0x00000000f684b000, 0x0000000100000000)
   the space 13996K,  94% used [0x00000000f5aa0000, 0x00000000f67878d8, 0x00000000f6787a00, 0x00000000f684b000)
 Metaspace       used 16248K, capacity 16550K, committed 16640K, reserved 1064960K
  class space    used 1871K, capacity 1981K, committed 2048K, reserved 1048576K
Event: 4.103 GC heap after
Heap after GC invocations=30 (full 1):
 def new generation   total 6336K, used 581K [0x00000000f0800000, 0x00000000f0ee0000, 0x00000000f5aa0000)
  eden space 5632K,   0% used [0x00000000f0800000, 0x00000000f0800000, 0x00000000f0d80000)
  from space 704K,  82% used [0x00000000f0e30000, 0x00000000f0ec1680, 0x00000000f0ee0000)
  to   space 704K,   0% used [0x00000000f0d80000, 0x00000000f0d80000, 0x00000000f0e30000)
 tenured generation   total 13996K, used 13722K [0x00000000f5aa0000, 0x00000000f684b000, 0x0000000100000000)
   the space 13996K,  98% used [0x00000000f5aa0000, 0x00000000f6806848, 0x00000000f6806a00, 0x00000000f684b000)
 Metaspace       used 16248K, capacity 16550K, committed 16640K, reserved 1064960K
  class space    used 1871K, capacity 1981K, committed 2048K, reserved 1048576K
}
Event: 4.348 GC heap before
{Heap before GC invocations=30 (full 1):
 def new generation   total 6336K, used 6213K [0x00000000f0800000, 0x00000000f0ee0000, 0x00000000f5aa0000)
  eden space 5632K, 100% used [0x00000000f0800000, 0x00000000f0d80000, 0x00000000f0d80000)
  from space 704K,  82% used [0x00000000f0e30000, 0x00000000f0ec1680, 0x00000000f0ee0000)
  to   space 704K,   0% used [0x00000000f0d80000, 0x00000000f0d80000, 0x00000000f0e30000)
 tenured generation   total 13996K, used 13722K [0x00000000f5aa0000, 0x00000000f684b000, 0x0000000100000000)
   the space 13996K,  98% used [0x00000000f5aa0000, 0x00000000f6806848, 0x00000000f6806a00, 0x00000000f684b000)
 Metaspace       used 16271K, capacity 16550K, committed 16640K, reserved 1064960K
  class space    used 1871K, capacity 1981K, committed 2048K, reserved 1048576K
Event: 4.428 GC heap after
Heap after GC invocations=31 (full 2):
 def new generation   total 9472K, used 0K [0x00000000f0800000, 0x00000000f1240000, 0x00000000f5aa0000)
  eden space 8448K,   0% used [0x00000000f0800000, 0x00000000f0800000, 0x00000000f1040000)
  from space 1024K,   0% used [0x00000000f1040000, 0x00000000f1040000, 0x00000000f1140000)
  to   space 1024K,   0% used [0x00000000f1140000, 0x00000000f1140000, 0x00000000f1240000)
 tenured generation   total 20964K, used 12577K [0x00000000f5aa0000, 0x00000000f6f19000, 0x0000000100000000)
   the space 20964K,  59% used [0x00000000f5aa0000, 0x00000000f66e8730, 0x00000000f66e8800, 0x00000000f6f19000)
 Metaspace       used 16271K, capacity 16550K, committed 16640K, reserved 1064960K
  class space    used 1871K, capacity 1981K, committed 2048K, reserved 1048576K
}
Event: 4.944 GC heap before
{Heap before GC invocations=31 (full 2):
 def new generation   total 9472K, used 8448K [0x00000000f0800000, 0x00000000f1240000, 0x00000000f5aa0000)
  eden space 8448K, 100% used [0x00000000f0800000, 0x00000000f1040000, 0x00000000f1040000)
  from space 1024K,   0% used [0x00000000f1040000, 0x00000000f1040000, 0x00000000f1140000)
  to   space 1024K,   0% used [0x00000000f1140000, 0x00000000f1140000, 0x00000000f1240000)
 tenured generation   total 20964K, used 12577K [0x00000000f5aa0000, 0x00000000f6f19000, 0x0000000100000000)
   the space 20964K,  59% used [0x00000000f5aa0000, 0x00000000f66e8730, 0x00000000f66e8800, 0x00000000f6f19000)
 Metaspace       used 16331K, capacity 16562K, committed 16640K, reserved 1064960K
  class space    used 1872K, capacity 1983K, committed 2048K, reserved 1048576K
Event: 4.946 GC heap after
Heap after GC invocations=32 (full 2):
 def new generation   total 9472K, used 674K [0x00000000f0800000, 0x00000000f1240000, 0x00000000f5aa0000)
  eden space 8448K,   0% used [0x00000000f0800000, 0x00000000f0800000, 0x00000000f1040000)
  from space 1024K,  65% used [0x00000000f1140000, 0x00000000f11e8bb0, 0x00000000f1240000)
  to   space 1024K,   0% used [0x00000000f1040000, 0x00000000f1040000, 0x00000000f1140000)
 tenured generation   total 20964K, used 12577K [0x00000000f5aa0000, 0x00000000f6f19000, 0x0000000100000000)
   the space 20964K,  59% used [0x00000000f5aa0000, 0x00000000f66e8730, 0x00000000f66e8800, 0x00000000f6f19000)
 Metaspace       used 16331K, capacity 16562K, committed 16640K, reserved 1064960K
  class space    used 1872K, capacity 1983K, committed 2048K, reserved 1048576K
}
Event: 5.211 GC heap before
{Heap before GC invocations=32 (full 2):
 def new generation   total 9472K, used 9122K [0x00000000f0800000, 0x00000000f1240000, 0x00000000f5aa0000)
  eden space 8448K, 100% used [0x00000000f0800000, 0x00000000f1040000, 0x00000000f1040000)
  from space 1024K,  65% used [0x00000000f1140000, 0x00000000f11e8bb0, 0x00000000f1240000)
  to   space 1024K,   0% used [0x00000000f1040000, 0x00000000f1040000, 0x00000000f1140000)
 tenured generation   total 20964K, used 12577K [0x00000000f5aa0000, 0x00000000f6f19000, 0x0000000100000000)
   the space 20964K,  59% used [0x00000000f5aa0000, 0x00000000f66e8730, 0x00000000f66e8800, 0x00000000f6f19000)
 Metaspace       used 16371K, capacity 16638K, committed 16896K, reserved 1064960K
  class space    used 1873K, capacity 1985K, committed 2048K, reserved 1048576K
Event: 5.215 GC heap after
Heap after GC invocations=33 (full 2):
 def new generation   total 9472K, used 802K [0x00000000f0800000, 0x00000000f1240000, 0x00000000f5aa0000)
  eden space 8448K,   0% used [0x00000000f0800000, 0x00000000f0800000, 0x00000000f1040000)
  from space 1024K,  78% used [0x00000000f1040000, 0x00000000f1108958, 0x00000000f1140000)
  to   space 1024K,   0% used [0x00000000f1140000, 0x00000000f1140000, 0x00000000f1240000)
 tenured generation   total 20964K, used 13193K [0x00000000f5aa0000, 0x00000000f6f19000, 0x0000000100000000)
   the space 20964K,  62% used [0x00000000f5aa0000, 0x00000000f67827c0, 0x00000000f6782800, 0x00000000f6f19000)
 Metaspace       used 16371K, capacity 16638K, committed 16896K, reserved 1064960K
  class space    used 1873K, capacity 1985K, committed 2048K, reserved 1048576K
}
Event: 5.712 GC heap before
{Heap before GC invocations=33 (full 2):
 def new generation   total 9472K, used 9250K [0x00000000f0800000, 0x00000000f1240000, 0x00000000f5aa0000)
  eden space 8448K, 100% used [0x00000000f0800000, 0x00000000f1040000, 0x00000000f1040000)
  from space 1024K,  78% used [0x00000000f1040000, 0x00000000f1108958, 0x00000000f1140000)
  to   space 1024K,   0% used [0x00000000f1140000, 0x00000000f1140000, 0x00000000f1240000)
 tenured generation   total 20964K, used 13193K [0x00000000f5aa0000, 0x00000000f6f19000, 0x0000000100000000)
   the space 20964K,  62% used [0x00000000f5aa0000, 0x00000000f67827c0, 0x00000000f6782800, 0x00000000f6f19000)
 Metaspace       used 16541K, capacity 16862K, committed 17152K, reserved 1064960K
  class space    used 1890K, capacity 2017K, committed 2048K, reserved 1048576K
Event: 5.715 GC heap after
Heap after GC invocations=34 (full 2):
 def new generation   total 9472K, used 633K [0x00000000f0800000, 0x00000000f1240000, 0x00000000f5aa0000)
  eden space 8448K,   0% used [0x00000000f0800000, 0x00000000f0800000, 0x00000000f1040000)
  from space 1024K,  61% used [0x00000000f1140000, 0x00000000f11de6d8, 0x00000000f1240000)
  to   space 1024K,   0% used [0x00000000f1040000, 0x00000000f1040000, 0x00000000f1140000)
 tenured generation   total 20964K, used 13936K [0x00000000f5aa0000, 0x00000000f6f19000, 0x0000000100000000)
   the space 20964K,  66% used [0x00000000f5aa0000, 0x00000000f683c3c8, 0x00000000f683c400, 0x00000000f6f19000)
 Metaspace       used 16541K, capacity 16862K, committed 17152K, reserved 1064960K
  class space    used 1890K, capacity 2017K, committed 2048K, reserved 1048576K
}
Event: 6.030 GC heap before
{Heap before GC invocations=34 (full 2):
 def new generation   total 9472K, used 9081K [0x00000000f0800000, 0x00000000f1240000, 0x00000000f5aa0000)
  eden space 8448K, 100% used [0x00000000f0800000, 0x00000000f1040000, 0x00000000f1040000)
  from space 1024K,  61% used [0x00000000f1140000, 0x00000000f11de6d8, 0x00000000f1240000)
  to   space 1024K,   0% used [0x00000000f1040000, 0x00000000f1040000, 0x00000000f1140000)
 tenured generation   total 20964K, used 13936K [0x00000000f5aa0000, 0x00000000f6f19000, 0x0000000100000000)
   the space 20964K,  66% used [0x00000000f5aa0000, 0x00000000f683c3c8, 0x00000000f683c400, 0x00000000f6f19000)
 Metaspace       used 17007K, capacity 17364K, committed 17536K, reserved 1064960K
  class space    used 1947K, capacity 2055K, committed 2176K, reserved 1048576K
Event: 6.033 GC heap after
Heap after GC invocations=35 (full 2):
 def new generation   total 9472K, used 836K [0x00000000f0800000, 0x00000000f1240000, 0x00000000f5aa0000)
  eden space 8448K,   0% used [0x00000000f0800000, 0x00000000f0800000, 0x00000000f1040000)
  from space 1024K,  81% used [0x00000000f1040000, 0x00000000f11111e0, 0x00000000f1140000)
  to   space 1024K,   0% used [0x00000000f1140000, 0x00000000f1140000, 0x00000000f1240000)
 tenured generation   total 20964K, used 14434K [0x00000000f5aa0000, 0x00000000f6f19000, 0x0000000100000000)
   the space 20964K,  68% used [0x00000000f5aa0000, 0x00000000f68b8898, 0x00000000f68b8a00, 0x00000000f6f19000)
 Metaspace       used 17007K, capacity 17364K, committed 17536K, reserved 1064960K
  class space    used 1947K, capacity 2055K, committed 2176K, reserved 1048576K
}
Event: 6.485 GC heap before
{Heap before GC invocations=35 (full 2):
 def new generation   total 9472K, used 9284K [0x00000000f0800000, 0x00000000f1240000, 0x00000000f5aa0000)
  eden space 8448K, 100% used [0x00000000f0800000, 0x00000000f1040000, 0x00000000f1040000)
  from space 1024K,  81% used [0x00000000f1040000, 0x00000000f11111e0, 0x00000000f1140000)
  to   space 1024K,   0% used [0x00000000f1140000, 0x00000000f1140000, 0x00000000f1240000)
 tenured generation   total 20964K, used 14434K [0x00000000f5aa0000, 0x00000000f6f19000, 0x0000000100000000)
   the space 20964K,  68% used [0x00000000f5aa0000, 0x00000000f68b8898, 0x00000000f68b8a00, 0x00000000f6f19000)
 Metaspace       used 17109K, capacity 17492K, committed 17792K, reserved 1064960K
  class space    used 1947K, capacity 2055K, committed 2176K, reserved 1048576K
Event: 6.488 GC heap after
Heap after GC invocations=36 (full 2):
 def new generation   total 9472K, used 514K [0x00000000f0800000, 0x00000000f1240000, 0x00000000f5aa0000)
  eden space 8448K,   0% used [0x00000000f0800000, 0x00000000f0800000, 0x00000000f1040000)
  from space 1024K,  50% used [0x00000000f1140000, 0x00000000f11c0a88, 0x00000000f1240000)
  to   space 1024K,   0% used [0x00000000f1040000, 0x00000000f1040000, 0x00000000f1140000)
 tenured generation   total 20964K, used 14846K [0x00000000f5aa0000, 0x00000000f6f19000, 0x0000000100000000)
   the space 20964K,  70% used [0x00000000f5aa0000, 0x00000000f691fb98, 0x00000000f691fc00, 0x00000000f6f19000)
 Metaspace       used 17109K, capacity 17492K, committed 17792K, reserved 1064960K
  class space    used 1947K, capacity 2055K, committed 2176K, reserved 1048576K
}
Event: 6.976 GC heap before
{Heap before GC invocations=36 (full 2):
 def new generation   total 9472K, used 8962K [0x00000000f0800000, 0x00000000f1240000, 0x00000000f5aa0000)
  eden space 8448K, 100% used [0x00000000f0800000, 0x00000000f1040000, 0x00000000f1040000)
  from space 1024K,  50% used [0x00000000f1140000, 0x00000000f11c0a88, 0x00000000f1240000)
  to   space 1024K,   0% used [0x00000000f1040000, 0x00000000f1040000, 0x00000000f1140000)
 tenured generation   total 20964K, used 14846K [0x00000000f5aa0000, 0x00000000f6f19000, 0x0000000100000000)
   the space 20964K,  70% used [0x00000000f5aa0000, 0x00000000f691fb98, 0x00000000f691fc00, 0x00000000f6f19000)
 Metaspace       used 17189K, capacity 17556K, committed 17792K, reserved 1064960K
  class space    used 1947K, capacity 2055K, committed 2176K, reserved 1048576K
Event: 6.980 GC heap after
Heap after GC invocations=37 (full 2):
 def new generation   total 9472K, used 586K [0x00000000f0800000, 0x00000000f1240000, 0x00000000f5aa0000)
  eden space 8448K,   0% used [0x00000000f0800000, 0x00000000f0800000, 0x00000000f1040000)
  from space 1024K,  57% used [0x00000000f1040000, 0x00000000f10d28a0, 0x00000000f1140000)
  to   space 1024K,   0% used [0x00000000f1140000, 0x00000000f1140000, 0x00000000f1240000)
 tenured generation   total 20964K, used 15335K [0x00000000f5aa0000, 0x00000000f6f19000, 0x0000000100000000)
   the space 20964K,  73% used [0x00000000f5aa0000, 0x00000000f6999cc0, 0x00000000f6999e00, 0x00000000f6f19000)
 Metaspace       used 17189K, capacity 17556K, committed 17792K, reserved 1064960K
  class space    used 1947K, capacity 2055K, committed 2176K, reserved 1048576K
}
Event: 7.404 GC heap before
{Heap before GC invocations=37 (full 2):
 def new generation   total 9472K, used 9034K [0x00000000f0800000, 0x00000000f1240000, 0x00000000f5aa0000)
  eden space 8448K, 100% used [0x00000000f0800000, 0x00000000f1040000, 0x00000000f1040000)
  from space 1024K,  57% used [0x00000000f1040000, 0x00000000f10d28a0, 0x00000000f1140000)
  to   space 1024K,   0% used [0x00000000f1140000, 0x00000000f1140000, 0x00000000f1240000)
 tenured generation   total 20964K, used 15335K [0x00000000f5aa0000, 0x00000000f6f19000, 0x0000000100000000)
   the space 20964K,  73% used [0x00000000f5aa0000, 0x00000000f6999cc0, 0x00000000f6999e00, 0x00000000f6f19000)
 Metaspace       used 17259K, capacity 17620K, committed 17792K, reserved 1064960K
  class space    used 1947K, capacity 2055K, committed 2176K, reserved 1048576K
Event: 7.407 GC heap after
Heap after GC invocations=38 (full 2):
 def new generation   total 9472K, used 412K [0x00000000f0800000, 0x00000000f1240000, 0x00000000f5aa0000)
  eden space 8448K,   0% used [0x00000000f0800000, 0x00000000f0800000, 0x00000000f1040000)
  from space 1024K,  40% used [0x00000000f1140000, 0x00000000f11a7118, 0x00000000f1240000)
  to   space 1024K,   0% used [0x00000000f1040000, 0x00000000f1040000, 0x00000000f1140000)
 tenured generation   total 20964K, used 15782K [0x00000000f5aa0000, 0x00000000f6f19000, 0x0000000100000000)
   the space 20964K,  75% used [0x00000000f5aa0000, 0x00000000f6a09b80, 0x00000000f6a09c00, 0x00000000f6f19000)
 Metaspace       used 17259K, capacity 17620K, committed 17792K, reserved 1064960K
  class space    used 1947K, capacity 2055K, committed 2176K, reserved 1048576K
}
Event: 7.661 GC heap before
{Heap before GC invocations=38 (full 2):
 def new generation   total 9472K, used 8860K [0x00000000f0800000, 0x00000000f1240000, 0x00000000f5aa0000)
  eden space 8448K, 100% used [0x00000000f0800000, 0x00000000f1040000, 0x00000000f1040000)
  from space 1024K,  40% used [0x00000000f1140000, 0x00000000f11a7118, 0x00000000f1240000)
  to   space 1024K,   0% used [0x00000000f1040000, 0x00000000f1040000, 0x00000000f1140000)
 tenured generation   total 20964K, used 15782K [0x00000000f5aa0000, 0x00000000f6f19000, 0x0000000100000000)
   the space 20964K,  75% used [0x00000000f5aa0000, 0x00000000f6a09b80, 0x00000000f6a09c00, 0x00000000f6f19000)
 Metaspace       used 17382K, capacity 17784K, committed 18048K, reserved 1064960K
  class space    used 1964K, capacity 2129K, committed 2176K, reserved 1048576K
Event: 7.664 GC heap after
Heap after GC invocations=39 (full 2):
 def new generation   total 9472K, used 916K [0x00000000f0800000, 0x00000000f1240000, 0x00000000f5aa0000)
  eden space 8448K,   0% used [0x00000000f0800000, 0x00000000f0800000, 0x00000000f1040000)
  from space 1024K,  89% used [0x00000000f1040000, 0x00000000f1125290, 0x00000000f1140000)
  to   space 1024K,   0% used [0x00000000f1140000, 0x00000000f1140000, 0x00000000f1240000)
 tenured generation   total 20964K, used 15782K [0x00000000f5aa0000, 0x00000000f6f19000, 0x0000000100000000)
   the space 20964K,  75% used [0x00000000f5aa0000, 0x00000000f6a09b80, 0x00000000f6a09c00, 0x00000000f6f19000)
 Metaspace       used 17382K, capacity 17784K, committed 18048K, reserved 1064960K
  class space    used 1964K, capacity 2129K, committed 2176K, reserved 1048576K
}
Event: 7.881 GC heap before
{Heap before GC invocations=39 (full 2):
 def new generation   total 9472K, used 9364K [0x00000000f0800000, 0x00000000f1240000, 0x00000000f5aa0000)
  eden space 8448K, 100% used [0x00000000f0800000, 0x00000000f1040000, 0x00000000f1040000)
  from space 1024K,  89% used [0x00000000f1040000, 0x00000000f1125290, 0x00000000f1140000)
  to   space 1024K,   0% used [0x00000000f1140000, 0x00000000f1140000, 0x00000000f1240000)
 tenured generation   total 20964K, used 15782K [0x00000000f5aa0000, 0x00000000f6f19000, 0x0000000100000000)
   the space 20964K,  75% used [0x00000000f5aa0000, 0x00000000f6a09b80, 0x00000000f6a09c00, 0x00000000f6f19000)
 Metaspace       used 18012K, capacity 18494K, committed 18688K, reserved 1064960K
  class space    used 2050K, capacity 2195K, committed 2304K, reserved 1048576K
Event: 7.885 GC heap after
Heap after GC invocations=40 (full 2):
 def new generation   total 9472K, used 1024K [0x00000000f0800000, 0x00000000f1240000, 0x00000000f5aa0000)
  eden space 8448K,   0% used [0x00000000f0800000, 0x00000000f0800000, 0x00000000f1040000)
  from space 1024K, 100% used [0x00000000f1140000, 0x00000000f1240000, 0x00000000f1240000)
  to   space 1024K,   0% used [0x00000000f1040000, 0x00000000f1040000, 0x00000000f1140000)
 tenured generation   total 20964K, used 16465K [0x00000000f5aa0000, 0x00000000f6f19000, 0x0000000100000000)
   the space 20964K,  78% used [0x00000000f5aa0000, 0x00000000f6ab4450, 0x00000000f6ab4600, 0x00000000f6f19000)
 Metaspace       used 18012K, capacity 18494K, committed 18688K, reserved 1064960K
  class space    used 2050K, capacity 2195K, committed 2304K, reserved 1048576K
}
Event: 8.085 GC heap before
{Heap before GC invocations=40 (full 2):
 def new generation   total 9472K, used 9472K [0x00000000f0800000, 0x00000000f1240000, 0x00000000f5aa0000)
  eden space 8448K, 100% used [0x00000000f0800000, 0x00000000f1040000, 0x00000000f1040000)
  from space 1024K, 100% used [0x00000000f1140000, 0x00000000f1240000, 0x00000000f1240000)
  to   space 1024K,   0% used [0x00000000f1040000, 0x00000000f1040000, 0x00000000f1140000)
 tenured generation   total 20964K, used 16465K [0x00000000f5aa0000, 0x00000000f6f19000, 0x0000000100000000)
   the space 20964K,  78% used [0x00000000f5aa0000, 0x00000000f6ab4450, 0x00000000f6ab4600, 0x00000000f6f19000)
 Metaspace       used 18098K, capacity 18642K, committed 18944K, reserved 1067008K
  class space    used 2053K, capacity 2199K, committed 2304K, reserved 1048576K
Event: 8.088 GC heap after
Heap after GC invocations=41 (full 2):
 def new generation   total 9472K, used 500K [0x00000000f0800000, 0x00000000f1240000, 0x00000000f5aa0000)
  eden space 8448K,   0% used [0x00000000f0800000, 0x00000000f0800000, 0x00000000f1040000)
  from space 1024K,  48% used [0x00000000f1040000, 0x00000000f10bd0a8, 0x00000000f1140000)
  to   space 1024K,   0% used [0x00000000f1140000, 0x00000000f1140000, 0x00000000f1240000)
 tenured generation   total 20964K, used 16832K [0x00000000f5aa0000, 0x00000000f6f19000, 0x0000000100000000)
   the space 20964K,  80% used [0x00000000f5aa0000, 0x00000000f6b10158, 0x00000000f6b10200, 0x00000000f6f19000)
 Metaspace       used 18098K, capacity 18642K, committed 18944K, reserved 1067008K
  class space    used 2053K, capacity 2199K, committed 2304K, reserved 1048576K
}
Event: 8.339 GC heap before
{Heap before GC invocations=41 (full 2):
 def new generation   total 9472K, used 8948K [0x00000000f0800000, 0x00000000f1240000, 0x00000000f5aa0000)
  eden space 8448K, 100% used [0x00000000f0800000, 0x00000000f1040000, 0x00000000f1040000)
  from space 1024K,  48% used [0x00000000f1040000, 0x00000000f10bd0a8, 0x00000000f1140000)
  to   space 1024K,   0% used [0x00000000f1140000, 0x00000000f1140000, 0x00000000f1240000)
 tenured generation   total 20964K, used 16832K [0x00000000f5aa0000, 0x00000000f6f19000, 0x0000000100000000)
   the space 20964K,  80% used [0x00000000f5aa0000, 0x00000000f6b10158, 0x00000000f6b10200, 0x00000000f6f19000)
 Metaspace       used 18451K, capacity 18934K, committed 19200K, reserved 1067008K
  class space    used 2088K, capacity 2235K, committed 2304K, reserved 1048576K
Event: 8.343 GC heap after
Heap after GC invocations=42 (full 2):
 def new generation   total 9472K, used 1023K [0x00000000f0800000, 0x00000000f1240000, 0x00000000f5aa0000)
  eden space 8448K,   0% used [0x00000000f0800000, 0x00000000f0800000, 0x00000000f1040000)
  from space 1024K,  99% used [0x00000000f1140000, 0x00000000f123fff8, 0x00000000f1240000)
  to   space 1024K,   0% used [0x00000000f1040000, 0x00000000f1040000, 0x00000000f1140000)
 tenured generation   total 20964K, used 16999K [0x00000000f5aa0000, 0x00000000f6f19000, 0x0000000100000000)
   the space 20964K,  81% used [0x00000000f5aa0000, 0x00000000f6b39fb8, 0x00000000f6b3a000, 0x00000000f6f19000)
 Metaspace       used 18451K, capacity 18934K, committed 19200K, reserved 1067008K
  class space    used 2088K, capacity 2235K, committed 2304K, reserved 1048576K
}
Event: 8.553 GC heap before
{Heap before GC invocations=42 (full 2):
 def new generation   total 9472K, used 9471K [0x00000000f0800000, 0x00000000f1240000, 0x00000000f5aa0000)
  eden space 8448K, 100% used [0x00000000f0800000, 0x00000000f1040000, 0x00000000f1040000)
  from space 1024K,  99% used [0x00000000f1140000, 0x00000000f123fff8, 0x00000000f1240000)
  to   space 1024K,   0% used [0x00000000f1040000, 0x00000000f1040000, 0x00000000f1140000)
 tenured generation   total 20964K, used 16999K [0x00000000f5aa0000, 0x00000000f6f19000, 0x0000000100000000)
   the space 20964K,  81% used [0x00000000f5aa0000, 0x00000000f6b39fb8, 0x00000000f6b3a000, 0x00000000f6f19000)
 Metaspace       used 18493K, capacity 19062K, committed 19200K, reserved 1067008K
  class space    used 2088K, capacity 2235K, committed 2304K, reserved 1048576K
Event: 8.556 GC heap after
Heap after GC invocations=43 (full 2):
 def new generation   total 9472K, used 434K [0x00000000f0800000, 0x00000000f1240000, 0x00000000f5aa0000)
  eden space 8448K,   0% used [0x00000000f0800000, 0x00000000f0800000, 0x00000000f1040000)
  from space 1024K,  42% used [0x00000000f1040000, 0x00000000f10acb00, 0x00000000f1140000)
  to   space 1024K,   0% used [0x00000000f1140000, 0x00000000f1140000, 0x00000000f1240000)
 tenured generation   total 20964K, used 17806K [0x00000000f5aa0000, 0x00000000f6f19000, 0x0000000100000000)
   the space 20964K,  84% used [0x00000000f5aa0000, 0x00000000f6c039c8, 0x00000000f6c03a00, 0x00000000f6f19000)
 Metaspace       used 18493K, capacity 19062K, committed 19200K, reserved 1067008K
  class space    used 2088K, capacity 2235K, committed 2304K, reserved 1048576K
}
Event: 8.972 GC heap before
{Heap before GC invocations=43 (full 2):
 def new generation   total 9472K, used 8882K [0x00000000f0800000, 0x00000000f1240000, 0x00000000f5aa0000)
  eden space 8448K, 100% used [0x00000000f0800000, 0x00000000f1040000, 0x00000000f1040000)
  from space 1024K,  42% used [0x00000000f1040000, 0x00000000f10acb00, 0x00000000f1140000)
  to   space 1024K,   0% used [0x00000000f1140000, 0x00000000f1140000, 0x00000000f1240000)
 tenured generation   total 20964K, used 17806K [0x00000000f5aa0000, 0x00000000f6f19000, 0x0000000100000000)
   the space 20964K,  84% used [0x00000000f5aa0000, 0x00000000f6c039c8, 0x00000000f6c03a00, 0x00000000f6f19000)
 Metaspace       used 18930K, capacity 19494K, committed 19712K, reserved 1067008K
  class space    used 2120K, capacity 2275K, committed 2304K, reserved 1048576K
Event: 8.976 GC heap after
Heap after GC invocations=44 (full 2):
 def new generation   total 9472K, used 1024K [0x00000000f0800000, 0x00000000f1240000, 0x00000000f5aa0000)
  eden space 8448K,   0% used [0x00000000f0800000, 0x00000000f0800000, 0x00000000f1040000)
  from space 1024K, 100% used [0x00000000f1140000, 0x00000000f1240000, 0x00000000f1240000)
  to   space 1024K,   0% used [0x00000000f1040000, 0x00000000f1040000, 0x00000000f1140000)
 tenured generation   total 20964K, used 17948K [0x00000000f5aa0000, 0x00000000f6f19000, 0x0000000100000000)
   the space 20964K,  85% used [0x00000000f5aa0000, 0x00000000f6c270c8, 0x00000000f6c27200, 0x00000000f6f19000)
 Metaspace       used 18930K, capacity 19494K, committed 19712K, reserved 1067008K
  class space    used 2120K, capacity 2275K, committed 2304K, reserved 1048576K
}
Event: 9.637 GC heap before
{Heap before GC invocations=44 (full 2):
 def new generation   total 9472K, used 9472K [0x00000000f0800000, 0x00000000f1240000, 0x00000000f5aa0000)
  eden space 8448K, 100% used [0x00000000f0800000, 0x00000000f1040000, 0x00000000f1040000)
  from space 1024K, 100% used [0x00000000f1140000, 0x00000000f1240000, 0x00000000f1240000)
  to   space 1024K,   0% used [0x00000000f1040000, 0x00000000f1040000, 0x00000000f1140000)
 tenured generation   total 20964K, used 17948K [0x00000000f5aa0000, 0x00000000f6f19000, 0x0000000100000000)
   the space 20964K,  85% used [0x00000000f5aa0000, 0x00000000f6c270c8, 0x00000000f6c27200, 0x00000000f6f19000)
 Metaspace       used 21360K, capacity 21982K, committed 22144K, reserved 1069056K
  class space    used 2459K, capacity 2635K, committed 2688K, reserved 1048576K
Event: 9.643 GC heap after
Heap after GC invocations=45 (full 2):
 def new generation   total 9472K, used 727K [0x00000000f0800000, 0x00000000f1240000, 0x00000000f5aa0000)
  eden space 8448K,   0% used [0x00000000f0800000, 0x00000000f0800000, 0x00000000f1040000)
  from space 1024K,  71% used [0x00000000f1040000, 0x00000000f10f5cd0, 0x00000000f1140000)
  to   space 1024K,   0% used [0x00000000f1140000, 0x00000000f1140000, 0x00000000f1240000)
 tenured generation   total 20964K, used 18748K [0x00000000f5aa0000, 0x00000000f6f19000, 0x0000000100000000)
   the space 20964K,  89% used [0x00000000f5aa0000, 0x00000000f6cef280, 0x00000000f6cef400, 0x00000000f6f19000)
 Metaspace       used 21360K, capacity 21982K, committed 22144K, reserved 1069056K
  class space    used 2459K, capacity 2635K, committed 2688K, reserved 1048576K
}
Event: 40.102 GC heap before
{Heap before GC invocations=45 (full 2):
 def new generation   total 9472K, used 8496K [0x00000000f0800000, 0x00000000f1240000, 0x00000000f5aa0000)
  eden space 8448K,  91% used [0x00000000f0800000, 0x00000000f0f96500, 0x00000000f1040000)
  from space 1024K,  71% used [0x00000000f1040000, 0x00000000f10f5cd0, 0x00000000f1140000)
  to   space 1024K,   0% used [0x00000000f1140000, 0x00000000f1140000, 0x00000000f1240000)
 tenured generation   total 20964K, used 18748K [0x00000000f5aa0000, 0x00000000f6f19000, 0x0000000100000000)
   the space 20964K,  89% used [0x00000000f5aa0000, 0x00000000f6cef280, 0x00000000f6cef400, 0x00000000f6f19000)
 Metaspace       used 23083K, capacity 23678K, committed 23808K, reserved 1071104K
  class space    used 2629K, capacity 2795K, committed 2816K, reserved 1048576K
Event: 40.108 GC heap after
Heap after GC invocations=46 (full 2):
 def new generation   total 9472K, used 1024K [0x00000000f0800000, 0x00000000f1240000, 0x00000000f5aa0000)
  eden space 8448K,   0% used [0x00000000f0800000, 0x00000000f0800000, 0x00000000f1040000)
  from space 1024K, 100% used [0x00000000f1140000, 0x00000000f1240000, 0x00000000f1240000)
  to   space 1024K,   0% used [0x00000000f1040000, 0x00000000f1040000, 0x00000000f1140000)
 tenured generation   total 20964K, used 19542K [0x00000000f5aa0000, 0x00000000f6f19000, 0x0000000100000000)
   the space 20964K,  93% used [0x00000000f5aa0000, 0x00000000f6db58a0, 0x00000000f6db5a00, 0x00000000f6f19000)
 Metaspace       used 23083K, capacity 23678K, committed 23808K, reserved 1071104K
  class space    used 2629K, capacity 2795K, committed 2816K, reserved 1048576K
}
Event: 44.301 GC heap before
{Heap before GC invocations=46 (full 2):
 def new generation   total 9472K, used 9409K [0x00000000f0800000, 0x00000000f1240000, 0x00000000f5aa0000)
  eden space 8448K,  99% used [0x00000000f0800000, 0x00000000f1030508, 0x00000000f1040000)
  from space 1024K, 100% used [0x00000000f1140000, 0x00000000f1240000, 0x00000000f1240000)
  to   space 1024K,   0% used [0x00000000f1040000, 0x00000000f1040000, 0x00000000f1140000)
 tenured generation   total 20964K, used 19542K [0x00000000f5aa0000, 0x00000000f6f19000, 0x0000000100000000)
   the space 20964K,  93% used [0x00000000f5aa0000, 0x00000000f6db58a0, 0x00000000f6db5a00, 0x00000000f6f19000)
 Metaspace       used 23102K, capacity 23742K, committed 23808K, reserved 1071104K
  class space    used 2630K, capacity 2795K, committed 2816K, reserved 1048576K

