# JRE version: OpenJDK Runtime Environment (8.0_191-b12) (build 1.8.0_191-b12)
# Java VM: OpenJDK 64-Bit Server VM (25.191-b12 mixed mode linux-amd64 compressed oops)
Heap:
 def new generation   total 9472K, used 278K [0x00000000f0800000, 0x00000000f1240000, 0x00000000f5aa0000)
  eden space 8448K,   3% used [0x00000000f0800000, 0x00000000f0845b40, 0x00000000f1040000)
  from space 1024K,   0% used [0x00000000f1040000, 0x00000000f1040000, 0x00000000f1140000)
  to   space 1024K,   0% used [0x00000000f1140000, 0x00000000f1140000, 0x00000000f1240000)
 tenured generation   total 23648K, used 23647K [0x00000000f5aa0000, 0x00000000f71b8000, 0x0000000100000000)
   the space 23648K,  99% used [0x00000000f5aa0000, 0x00000000f71b7fe8, 0x00000000f71b8000, 0x00000000f71b8000)
 Metaspace       used 23282K, capacity 23844K, committed 24192K, reserved 1071104K
  class space    used 2654K, capacity 2831K, committed 2944K, reserved 1048576K
GC Heap History (93 events):
Event: 0.272 GC heap before
{Heap before GC invocations=0 (full 0):
 def new generation   total 4928K, used 4416K [0x00000000f0800000, 0x00000000f0d50000, 0x00000000f5aa0000)
  eden space 4416K, 100% used [0x00000000f0800000, 0x00000000f0c50000, 0x00000000f0c50000)
  from space 512K,   0% used [0x00000000f0c50000, 0x00000000f0c50000, 0x00000000f0cd0000)
  to   space 512K,   0% used [0x00000000f0cd0000, 0x00000000f0cd0000, 0x00000000f0d50000)
 tenured generation   total 10944K, used 0K [0x00000000f5aa0000, 0x00000000f6550000, 0x0000000100000000)
   the space 10944K,   0% used [0x00000000f5aa0000, 0x00000000f5aa0000, 0x00000000f5aa0200, 0x00000000f6550000)
 Metaspace       used 5003K, capacity 5260K, committed 5504K, reserved 1056768K
  class space    used 481K, capacity 568K, committed 640K, reserved 1048576K
Event: 0.275 GC heap after
Heap after GC invocations=1 (full 0):
 def new generation   total 4928K, used 512K [0x00000000f0800000, 0x00000000f0d50000, 0x00000000f5aa0000)
  eden space 4416K,   0% used [0x00000000f0800000, 0x00000000f0800000, 0x00000000f0c50000)
  from space 512K, 100% used [0x00000000f0cd0000, 0x00000000f0d50000, 0x00000000f0d50000)
  to   space 512K,   0% used [0x00000000f0c50000, 0x00000000f0c50000, 0x00000000f0cd0000)
 tenured generation   total 10944K, used 899K [0x00000000f5aa0000, 0x00000000f6550000, 0x0000000100000000)
   the space 10944K,   8% used [0x00000000f5aa0000, 0x00000000f5b80d60, 0x00000000f5b80e00, 0x00000000f6550000)
 Metaspace       used 5003K, capacity 5260K, committed 5504K, reserved 1056768K
  class space    used 481K, capacity 568K, committed 640K, reserved 1048576K
}
Event: 0.416 GC heap before
{Heap before GC invocations=1 (full 0):
 def new generation   total 4928K, used 4928K [0x00000000f0800000, 0x00000000f0d50000, 0x00000000f5aa0000)
  eden space 4416K, 100% used [0x00000000f0800000, 0x00000000f0c50000, 0x00000000f0c50000)
  from space 512K, 100% used [0x00000000f0cd0000, 0x00000000f0d50000, 0x00000000f0d50000)
  to   space 512K,   0% used [0x00000000f0c50000, 0x00000000f0c50000, 0x00000000f0cd0000)
 tenured generation   total 10944K, used 899K [0x00000000f5aa0000, 0x00000000f6550000, 0x0000000100000000)
   the space 10944K,   8% used [0x00000000f5aa0000, 0x00000000f5b80d60, 0x00000000f5b80e00, 0x00000000f6550000)
 Metaspace       used 5780K, capacity 5908K, committed 6016K, reserved 1056768K
  class space    used 589K, capacity 632K, committed 640K, reserved 1048576K
Event: 0.419 GC heap after
Heap after GC invocations=2 (full 0):
 def new generation   total 4928K, used 511K [0x00000000f0800000, 0x00000000f0d50000, 0x00000000f5aa0000)
  eden space 4416K,   0% used [0x00000000f0800000, 0x00000000f0800000, 0x00000000f0c50000)
  from space 512K,  99% used [0x00000000f0c50000, 0x00000000f0ccfff8, 0x00000000f0cd0000)
  to   space 512K,   0% used [0x00000000f0cd0000, 0x00000000f0cd0000, 0x00000000f0d50000)
 tenured generation   total 10944K, used 1619K [0x00000000f5aa0000, 0x00000000f6550000, 0x0000000100000000)
   the space 10944K,  14% used [0x00000000f5aa0000, 0x00000000f5c34c08, 0x00000000f5c34e00, 0x00000000f6550000)
 Metaspace       used 5780K, capacity 5908K, committed 6016K, reserved 1056768K
  class space    used 589K, capacity 632K, committed 640K, reserved 1048576K
}
Event: 0.575 GC heap before
{Heap before GC invocations=2 (full 0):
 def new generation   total 4928K, used 4907K [0x00000000f0800000, 0x00000000f0d50000, 0x00000000f5aa0000)
  eden space 4416K,  99% used [0x00000000f0800000, 0x00000000f0c4ad20, 0x00000000f0c50000)
  from space 512K,  99% used [0x00000000f0c50000, 0x00000000f0ccfff8, 0x00000000f0cd0000)
  to   space 512K,   0% used [0x00000000f0cd0000, 0x00000000f0cd0000, 0x00000000f0d50000)
 tenured generation   total 10944K, used 1619K [0x00000000f5aa0000, 0x00000000f6550000, 0x0000000100000000)
   the space 10944K,  14% used [0x00000000f5aa0000, 0x00000000f5c34c08, 0x00000000f5c34e00, 0x00000000f6550000)
 Metaspace       used 6662K, capacity 6804K, committed 6912K, reserved 1056768K
  class space    used 702K, capacity 760K, committed 768K, reserved 1048576K
Event: 0.577 GC heap after
Heap after GC invocations=3 (full 0):
 def new generation   total 4928K, used 511K [0x00000000f0800000, 0x00000000f0d50000, 0x00000000f5aa0000)
  eden space 4416K,   0% used [0x00000000f0800000, 0x00000000f0800000, 0x00000000f0c50000)
  from space 512K,  99% used [0x00000000f0cd0000, 0x00000000f0d4fff8, 0x00000000f0d50000)
  to   space 512K,   0% used [0x00000000f0c50000, 0x00000000f0c50000, 0x00000000f0cd0000)
 tenured generation   total 10944K, used 2034K [0x00000000f5aa0000, 0x00000000f6550000, 0x0000000100000000)
   the space 10944K,  18% used [0x00000000f5aa0000, 0x00000000f5c9c9c0, 0x00000000f5c9ca00, 0x00000000f6550000)
 Metaspace       used 6662K, capacity 6804K, committed 6912K, reserved 1056768K
  class space    used 702K, capacity 760K, committed 768K, reserved 1048576K
}
Event: 0.676 GC heap before
{Heap before GC invocations=3 (full 0):
 def new generation   total 4928K, used 4927K [0x00000000f0800000, 0x00000000f0d50000, 0x00000000f5aa0000)
  eden space 4416K, 100% used [0x00000000f0800000, 0x00000000f0c50000, 0x00000000f0c50000)
  from space 512K,  99% used [0x00000000f0cd0000, 0x00000000f0d4fff8, 0x00000000f0d50000)
  to   space 512K,   0% used [0x00000000f0c50000, 0x00000000f0c50000, 0x00000000f0cd0000)
 tenured generation   total 10944K, used 2034K [0x00000000f5aa0000, 0x00000000f6550000, 0x0000000100000000)
   the space 10944K,  18% used [0x00000000f5aa0000, 0x00000000f5c9c9c0, 0x00000000f5c9ca00, 0x00000000f6550000)
 Metaspace       used 7569K, capacity 7700K, committed 7808K, reserved 1056768K
  class space    used 834K, capacity 888K, committed 896K, reserved 1048576K
Event: 0.678 GC heap after
Heap after GC invocations=4 (full 0):
 def new generation   total 4928K, used 511K [0x00000000f0800000, 0x00000000f0d50000, 0x00000000f5aa0000)
  eden space 4416K,   0% used [0x00000000f0800000, 0x00000000f0800000, 0x00000000f0c50000)
  from space 512K,  99% used [0x00000000f0c50000, 0x00000000f0ccfff8, 0x00000000f0cd0000)
  to   space 512K,   0% used [0x00000000f0cd0000, 0x00000000f0cd0000, 0x00000000f0d50000)
 tenured generation   total 10944K, used 2352K [0x00000000f5aa0000, 0x00000000f6550000, 0x0000000100000000)
   the space 10944K,  21% used [0x00000000f5aa0000, 0x00000000f5cec250, 0x00000000f5cec400, 0x00000000f6550000)
 Metaspace       used 7569K, capacity 7700K, committed 7808K, reserved 1056768K
  class space    used 834K, capacity 888K, committed 896K, reserved 1048576K
}
Event: 0.801 GC heap before
{Heap before GC invocations=4 (full 0):
 def new generation   total 4928K, used 4927K [0x00000000f0800000, 0x00000000f0d50000, 0x00000000f5aa0000)
  eden space 4416K, 100% used [0x00000000f0800000, 0x00000000f0c50000, 0x00000000f0c50000)
  from space 512K,  99% used [0x00000000f0c50000, 0x00000000f0ccfff8, 0x00000000f0cd0000)
  to   space 512K,   0% used [0x00000000f0cd0000, 0x00000000f0cd0000, 0x00000000f0d50000)
 tenured generation   total 10944K, used 2352K [0x00000000f5aa0000, 0x00000000f6550000, 0x0000000100000000)
   the space 10944K,  21% used [0x00000000f5aa0000, 0x00000000f5cec250, 0x00000000f5cec400, 0x00000000f6550000)
 Metaspace       used 8075K, capacity 8180K, committed 8448K, reserved 1056768K
  class space    used 905K, capacity 984K, committed 1024K, reserved 1048576K
Event: 0.803 GC heap after
Heap after GC invocations=5 (full 0):
 def new generation   total 4928K, used 512K [0x00000000f0800000, 0x00000000f0d50000, 0x00000000f5aa0000)
  eden space 4416K,   0% used [0x00000000f0800000, 0x00000000f0800000, 0x00000000f0c50000)
  from space 512K, 100% used [0x00000000f0cd0000, 0x00000000f0d50000, 0x00000000f0d50000)
  to   space 512K,   0% used [0x00000000f0c50000, 0x00000000f0c50000, 0x00000000f0cd0000)
 tenured generation   total 10944K, used 2600K [0x00000000f5aa0000, 0x00000000f6550000, 0x0000000100000000)
   the space 10944K,  23% used [0x00000000f5aa0000, 0x00000000f5d2a320, 0x00000000f5d2a400, 0x00000000f6550000)
 Metaspace       used 8075K, capacity 8180K, committed 8448K, reserved 1056768K
  class space    used 905K, capacity 984K, committed 1024K, reserved 1048576K
}
Event: 0.865 GC heap before
{Heap before GC invocations=5 (full 0):
 def new generation   total 4928K, used 4928K [0x00000000f0800000, 0x00000000f0d50000, 0x00000000f5aa0000)
  eden space 4416K, 100% used [0x00000000f0800000, 0x00000000f0c50000, 0x00000000f0c50000)
  from space 512K, 100% used [0x00000000f0cd0000, 0x00000000f0d50000, 0x00000000f0d50000)
  to   space 512K,   0% used [0x00000000f0c50000, 0x00000000f0c50000, 0x00000000f0cd0000)
 tenured generation   total 10944K, used 2600K [0x00000000f5aa0000, 0x00000000f6550000, 0x0000000100000000)
   the space 10944K,  23% used [0x00000000f5aa0000, 0x00000000f5d2a320, 0x00000000f5d2a400, 0x00000000f6550000)
 Metaspace       used 8226K, capacity 8340K, committed 8448K, reserved 1056768K
  class space    used 931K, capacity 1016K, committed 1024K, reserved 1048576K
Event: 0.867 GC heap after
Heap after GC invocations=6 (full 0):
 def new generation   total 4928K, used 351K [0x00000000f0800000, 0x00000000f0d50000, 0x00000000f5aa0000)
  eden space 4416K,   0% used [0x00000000f0800000, 0x00000000f0800000, 0x00000000f0c50000)
  from space 512K,  68% used [0x00000000f0c50000, 0x00000000f0ca7d80, 0x00000000f0cd0000)
  to   space 512K,   0% used [0x00000000f0cd0000, 0x00000000f0cd0000, 0x00000000f0d50000)
 tenured generation   total 10944K, used 2835K [0x00000000f5aa0000, 0x00000000f6550000, 0x0000000100000000)
   the space 10944K,  25% used [0x00000000f5aa0000, 0x00000000f5d64d68, 0x00000000f5d64e00, 0x00000000f6550000)
 Metaspace       used 8226K, capacity 8340K, committed 8448K, reserved 1056768K
  class space    used 931K, capacity 1016K, committed 1024K, reserved 1048576K
}
Event: 0.934 GC heap before
{Heap before GC invocations=6 (full 0):
 def new generation   total 4928K, used 4767K [0x00000000f0800000, 0x00000000f0d50000, 0x00000000f5aa0000)
  eden space 4416K, 100% used [0x00000000f0800000, 0x00000000f0c50000, 0x00000000f0c50000)
  from space 512K,  68% used [0x00000000f0c50000, 0x00000000f0ca7d80, 0x00000000f0cd0000)
  to   space 512K,   0% used [0x00000000f0cd0000, 0x00000000f0cd0000, 0x00000000f0d50000)
 tenured generation   total 10944K, used 2835K [0x00000000f5aa0000, 0x00000000f6550000, 0x0000000100000000)
   the space 10944K,  25% used [0x00000000f5aa0000, 0x00000000f5d64d68, 0x00000000f5d64e00, 0x00000000f6550000)
 Metaspace       used 8343K, capacity 8468K, committed 8704K, reserved 1056768K
  class space    used 962K, capacity 1016K, committed 1024K, reserved 1048576K
Event: 0.935 GC heap after
Heap after GC invocations=7 (full 0):
 def new generation   total 4928K, used 281K [0x00000000f0800000, 0x00000000f0d50000, 0x00000000f5aa0000)
  eden space 4416K,   0% used [0x00000000f0800000, 0x00000000f0800000, 0x00000000f0c50000)
  from space 512K,  55% used [0x00000000f0cd0000, 0x00000000f0d166b0, 0x00000000f0d50000)
  to   space 512K,   0% used [0x00000000f0c50000, 0x00000000f0c50000, 0x00000000f0cd0000)
 tenured generation   total 10944K, used 2954K [0x00000000f5aa0000, 0x00000000f6550000, 0x0000000100000000)
   the space 10944K,  26% used [0x00000000f5aa0000, 0x00000000f5d82b40, 0x00000000f5d82c00, 0x00000000f6550000)
 Metaspace       used 8343K, capacity 8468K, committed 8704K, reserved 1056768K
  class space    used 962K, capacity 1016K, committed 1024K, reserved 1048576K
}
Event: 1.064 GC heap before
{Heap before GC invocations=7 (full 0):
 def new generation   total 4928K, used 4697K [0x00000000f0800000, 0x00000000f0d50000, 0x00000000f5aa0000)
  eden space 4416K, 100% used [0x00000000f0800000, 0x00000000f0c50000, 0x00000000f0c50000)
  from space 512K,  55% used [0x00000000f0cd0000, 0x00000000f0d166b0, 0x00000000f0d50000)
  to   space 512K,   0% used [0x00000000f0c50000, 0x00000000f0c50000, 0x00000000f0cd0000)
 tenured generation   total 10944K, used 2954K [0x00000000f5aa0000, 0x00000000f6550000, 0x0000000100000000)
   the space 10944K,  26% used [0x00000000f5aa0000, 0x00000000f5d82b40, 0x00000000f5d82c00, 0x00000000f6550000)
 Metaspace       used 8883K, capacity 9050K, committed 9344K, reserved 1056768K
  class space    used 1018K, capacity 1081K, committed 1152K, reserved 1048576K
Event: 1.066 GC heap after
Heap after GC invocations=8 (full 0):
 def new generation   total 4928K, used 511K [0x00000000f0800000, 0x00000000f0d50000, 0x00000000f5aa0000)
  eden space 4416K,   0% used [0x00000000f0800000, 0x00000000f0800000, 0x00000000f0c50000)
  from space 512K,  99% used [0x00000000f0c50000, 0x00000000f0ccfff0, 0x00000000f0cd0000)
  to   space 512K,   0% used [0x00000000f0cd0000, 0x00000000f0cd0000, 0x00000000f0d50000)
 tenured generation   total 10944K, used 3387K [0x00000000f5aa0000, 0x00000000f6550000, 0x0000000100000000)
   the space 10944K,  30% used [0x00000000f5aa0000, 0x00000000f5deefc0, 0x00000000f5def000, 0x00000000f6550000)
 Metaspace       used 8883K, capacity 9050K, committed 9344K, reserved 1056768K
  class space    used 1018K, capacity 1081K, committed 1152K, reserved 1048576K
}
Event: 1.130 GC heap before
{Heap before GC invocations=8 (full 0):
 def new generation   total 4928K, used 4927K [0x00000000f0800000, 0x00000000f0d50000, 0x00000000f5aa0000)
  eden space 4416K, 100% used [0x00000000f0800000, 0x00000000f0c50000, 0x00000000f0c50000)
  from space 512K,  99% used [0x00000000f0c50000, 0x00000000f0ccfff0, 0x00000000f0cd0000)
  to   space 512K,   0% used [0x00000000f0cd0000, 0x00000000f0cd0000, 0x00000000f0d50000)
 tenured generation   total 10944K, used 3387K [0x00000000f5aa0000, 0x00000000f6550000, 0x0000000100000000)
   the space 10944K,  30% used [0x00000000f5aa0000, 0x00000000f5deefc0, 0x00000000f5def000, 0x00000000f6550000)
 Metaspace       used 9227K, capacity 9344K, committed 9600K, reserved 1058816K
  class space    used 1056K, capacity 1114K, committed 1152K, reserved 1048576K
Event: 1.132 GC heap after
Heap after GC invocations=9 (full 0):
 def new generation   total 4928K, used 511K [0x00000000f0800000, 0x00000000f0d50000, 0x00000000f5aa0000)
  eden space 4416K,   0% used [0x00000000f0800000, 0x00000000f0800000, 0x00000000f0c50000)
  from space 512K,  99% used [0x00000000f0cd0000, 0x00000000f0d4fff0, 0x00000000f0d50000)
  to   space 512K,   0% used [0x00000000f0c50000, 0x00000000f0c50000, 0x00000000f0cd0000)
 tenured generation   total 10944K, used 3818K [0x00000000f5aa0000, 0x00000000f6550000, 0x0000000100000000)
   the space 10944K,  34% used [0x00000000f5aa0000, 0x00000000f5e5ab38, 0x00000000f5e5ac00, 0x00000000f6550000)
 Metaspace       used 9227K, capacity 9344K, committed 9600K, reserved 1058816K
  class space    used 1056K, capacity 1114K, committed 1152K, reserved 1048576K
}
Event: 1.237 GC heap before
{Heap before GC invocations=9 (full 0):
 def new generation   total 4928K, used 4927K [0x00000000f0800000, 0x00000000f0d50000, 0x00000000f5aa0000)
  eden space 4416K, 100% used [0x00000000f0800000, 0x00000000f0c50000, 0x00000000f0c50000)
  from space 512K,  99% used [0x00000000f0cd0000, 0x00000000f0d4fff0, 0x00000000f0d50000)
  to   space 512K,   0% used [0x00000000f0c50000, 0x00000000f0c50000, 0x00000000f0cd0000)
 tenured generation   total 10944K, used 3818K [0x00000000f5aa0000, 0x00000000f6550000, 0x0000000100000000)
   the space 10944K,  34% used [0x00000000f5aa0000, 0x00000000f5e5ab38, 0x00000000f5e5ac00, 0x00000000f6550000)
 Metaspace       used 9932K, capacity 10120K, committed 10240K, reserved 1058816K
  class space    used 1140K, capacity 1182K, committed 1280K, reserved 1048576K
Event: 1.239 GC heap after
Heap after GC invocations=10 (full 0):
 def new generation   total 4928K, used 511K [0x00000000f0800000, 0x00000000f0d50000, 0x00000000f5aa0000)
  eden space 4416K,   0% used [0x00000000f0800000, 0x00000000f0800000, 0x00000000f0c50000)
  from space 512K,  99% used [0x00000000f0c50000, 0x00000000f0ccfff0, 0x00000000f0cd0000)
  to   space 512K,   0% used [0x00000000f0cd0000, 0x00000000f0cd0000, 0x00000000f0d50000)
 tenured generation   total 10944K, used 4114K [0x00000000f5aa0000, 0x00000000f6550000, 0x0000000100000000)
   the space 10944K,  37% used [0x00000000f5aa0000, 0x00000000f5ea4b20, 0x00000000f5ea4c00, 0x00000000f6550000)
 Metaspace       used 9932K, capacity 10120K, committed 10240K, reserved 1058816K
  class space    used 1140K, capacity 1182K, committed 1280K, reserved 1048576K
}
Event: 1.314 GC heap before
{Heap before GC invocations=10 (full 0):
 def new generation   total 4928K, used 4927K [0x00000000f0800000, 0x00000000f0d50000, 0x00000000f5aa0000)
  eden space 4416K, 100% used [0x00000000f0800000, 0x00000000f0c50000, 0x00000000f0c50000)
  from space 512K,  99% used [0x00000000f0c50000, 0x00000000f0ccfff0, 0x00000000f0cd0000)
  to   space 512K,   0% used [0x00000000f0cd0000, 0x00000000f0cd0000, 0x00000000f0d50000)
 tenured generation   total 10944K, used 4114K [0x00000000f5aa0000, 0x00000000f6550000, 0x0000000100000000)
   the space 10944K,  37% used [0x00000000f5aa0000, 0x00000000f5ea4b20, 0x00000000f5ea4c00, 0x00000000f6550000)
 Metaspace       used 10515K, capacity 10674K, committed 10880K, reserved 1058816K
  class space    used 1224K, capacity 1283K, committed 1408K, reserved 1048576K
Event: 1.316 GC heap after
Heap after GC invocations=11 (full 0):
 def new generation   total 4928K, used 511K [0x00000000f0800000, 0x00000000f0d50000, 0x00000000f5aa0000)
  eden space 4416K,   0% used [0x00000000f0800000, 0x00000000f0800000, 0x00000000f0c50000)
  from space 512K,  99% used [0x00000000f0cd0000, 0x00000000f0d4fff8, 0x00000000f0d50000)
  to   space 512K,   0% used [0x00000000f0c50000, 0x00000000f0c50000, 0x00000000f0cd0000)
 tenured generation   total 10944K, used 4528K [0x00000000f5aa0000, 0x00000000f6550000, 0x0000000100000000)
   the space 10944K,  41% used [0x00000000f5aa0000, 0x00000000f5f0c0e0, 0x00000000f5f0c200, 0x00000000f6550000)
 Metaspace       used 10515K, capacity 10674K, committed 10880K, reserved 1058816K
  class space    used 1224K, capacity 1283K, committed 1408K, reserved 1048576K
}
Event: 1.394 GC heap before
{Heap before GC invocations=11 (full 0):
 def new generation   total 4928K, used 4927K [0x00000000f0800000, 0x00000000f0d50000, 0x00000000f5aa0000)
  eden space 4416K, 100% used [0x00000000f0800000, 0x00000000f0c50000, 0x00000000f0c50000)
  from space 512K,  99% used [0x00000000f0cd0000, 0x00000000f0d4fff8, 0x00000000f0d50000)
  to   space 512K,   0% used [0x00000000f0c50000, 0x00000000f0c50000, 0x00000000f0cd0000)
 tenured generation   total 10944K, used 4528K [0x00000000f5aa0000, 0x00000000f6550000, 0x0000000100000000)
   the space 10944K,  41% used [0x00000000f5aa0000, 0x00000000f5f0c0e0, 0x00000000f5f0c200, 0x00000000f6550000)
 Metaspace       used 11098K, capacity 11286K, committed 11392K, reserved 1058816K
  class space    used 1302K, capacity 1379K, committed 1408K, reserved 1048576K
Event: 1.396 GC heap after
Heap after GC invocations=12 (full 0):
 def new generation   total 4928K, used 511K [0x00000000f0800000, 0x00000000f0d50000, 0x00000000f5aa0000)
  eden space 4416K,   0% used [0x00000000f0800000, 0x00000000f0800000, 0x00000000f0c50000)
  from space 512K,  99% used [0x00000000f0c50000, 0x00000000f0ccfff8, 0x00000000f0cd0000)
  to   space 512K,   0% used [0x00000000f0cd0000, 0x00000000f0cd0000, 0x00000000f0d50000)
 tenured generation   total 10944K, used 5035K [0x00000000f5aa0000, 0x00000000f6550000, 0x0000000100000000)
   the space 10944K,  46% used [0x00000000f5aa0000, 0x00000000f5f8ad40, 0x00000000f5f8ae00, 0x00000000f6550000)
 Metaspace       used 11098K, capacity 11286K, committed 11392K, reserved 1058816K
  class space    used 1302K, capacity 1379K, committed 1408K, reserved 1048576K
}
Event: 1.496 GC heap before
{Heap before GC invocations=12 (full 0):
 def new generation   total 4928K, used 4927K [0x00000000f0800000, 0x00000000f0d50000, 0x00000000f5aa0000)
  eden space 4416K, 100% used [0x00000000f0800000, 0x00000000f0c50000, 0x00000000f0c50000)
  from space 512K,  99% used [0x00000000f0c50000, 0x00000000f0ccfff8, 0x00000000f0cd0000)
  to   space 512K,   0% used [0x00000000f0cd0000, 0x00000000f0cd0000, 0x00000000f0d50000)
 tenured generation   total 10944K, used 5035K [0x00000000f5aa0000, 0x00000000f6550000, 0x0000000100000000)
   the space 10944K,  46% used [0x00000000f5aa0000, 0x00000000f5f8ad40, 0x00000000f5f8ae00, 0x00000000f6550000)
 Metaspace       used 11642K, capacity 11744K, committed 12032K, reserved 1060864K
  class space    used 1378K, capacity 1444K, committed 1536K, reserved 1048576K
Event: 1.498 GC heap after
Heap after GC invocations=13 (full 0):
 def new generation   total 4928K, used 511K [0x00000000f0800000, 0x00000000f0d50000, 0x00000000f5aa0000)
  eden space 4416K,   0% used [0x00000000f0800000, 0x00000000f0800000, 0x00000000f0c50000)
  from space 512K,  99% used [0x00000000f0cd0000, 0x00000000f0d4fff0, 0x00000000f0d50000)
  to   space 512K,   0% used [0x00000000f0c50000, 0x00000000f0c50000, 0x00000000f0cd0000)
 tenured generation   total 10944K, used 5611K [0x00000000f5aa0000, 0x00000000f6550000, 0x0000000100000000)
   the space 10944K,  51% used [0x00000000f5aa0000, 0x00000000f601ade8, 0x00000000f601ae00, 0x00000000f6550000)
 Metaspace       used 11642K, capacity 11744K, committed 12032K, reserved 1060864K
  class space    used 1378K, capacity 1444K, committed 1536K, reserved 1048576K
}
Event: 1.607 GC heap before
{Heap before GC invocations=13 (full 0):
 def new generation   total 4928K, used 4927K [0x00000000f0800000, 0x00000000f0d50000, 0x00000000f5aa0000)
  eden space 4416K, 100% used [0x00000000f0800000, 0x00000000f0c50000, 0x00000000f0c50000)
  from space 512K,  99% used [0x00000000f0cd0000, 0x00000000f0d4fff0, 0x00000000f0d50000)
  to   space 512K,   0% used [0x00000000f0c50000, 0x00000000f0c50000, 0x00000000f0cd0000)
 tenured generation   total 10944K, used 5611K [0x00000000f5aa0000, 0x00000000f6550000, 0x0000000100000000)
   the space 10944K,  51% used [0x00000000f5aa0000, 0x00000000f601ade8, 0x00000000f601ae00, 0x00000000f6550000)
 Metaspace       used 12173K, capacity 12352K, committed 12672K, reserved 1060864K
  class space    used 1453K, capacity 1540K, committed 1664K, reserved 1048576K
Event: 1.609 GC heap after
Heap after GC invocations=14 (full 0):
 def new generation   total 4928K, used 512K [0x00000000f0800000, 0x00000000f0d50000, 0x00000000f5aa0000)
  eden space 4416K,   0% used [0x00000000f0800000, 0x00000000f0800000, 0x00000000f0c50000)
  from space 512K, 100% used [0x00000000f0c50000, 0x00000000f0cd0000, 0x00000000f0cd0000)
  to   space 512K,   0% used [0x00000000f0cd0000, 0x00000000f0cd0000, 0x00000000f0d50000)
 tenured generation   total 10944K, used 6180K [0x00000000f5aa0000, 0x00000000f6550000, 0x0000000100000000)
   the space 10944K,  56% used [0x00000000f5aa0000, 0x00000000f60a9098, 0x00000000f60a9200, 0x00000000f6550000)
 Metaspace       used 12173K, capacity 12352K, committed 12672K, reserved 1060864K
  class space    used 1453K, capacity 1540K, committed 1664K, reserved 1048576K
}
Event: 1.737 GC heap before
{Heap before GC invocations=14 (full 0):
 def new generation   total 4928K, used 4928K [0x00000000f0800000, 0x00000000f0d50000, 0x00000000f5aa0000)
  eden space 4416K, 100% used [0x00000000f0800000, 0x00000000f0c50000, 0x00000000f0c50000)
  from space 512K, 100% used [0x00000000f0c50000, 0x00000000f0cd0000, 0x00000000f0cd0000)
  to   space 512K,   0% used [0x00000000f0cd0000, 0x00000000f0cd0000, 0x00000000f0d50000)
 tenured generation   total 10944K, used 6180K [0x00000000f5aa0000, 0x00000000f6550000, 0x0000000100000000)
   the space 10944K,  56% used [0x00000000f5aa0000, 0x00000000f60a9098, 0x00000000f60a9200, 0x00000000f6550000)
 Metaspace       used 12650K, capacity 12806K, committed 12928K, reserved 1060864K
  class space    used 1528K, capacity 1605K, committed 1664K, reserved 1048576K
Event: 1.740 GC heap after
Heap after GC invocations=15 (full 0):
 def new generation   total 4928K, used 511K [0x00000000f0800000, 0x00000000f0d50000, 0x00000000f5aa0000)
  eden space 4416K,   0% used [0x00000000f0800000, 0x00000000f0800000, 0x00000000f0c50000)
  from space 512K,  99% used [0x00000000f0cd0000, 0x00000000f0d4fff0, 0x00000000f0d50000)
  to   space 512K,   0% used [0x00000000f0c50000, 0x00000000f0c50000, 0x00000000f0cd0000)
 tenured generation   total 10944K, used 6607K [0x00000000f5aa0000, 0x00000000f6550000, 0x0000000100000000)
   the space 10944K,  60% used [0x00000000f5aa0000, 0x00000000f6113ce8, 0x00000000f6113e00, 0x00000000f6550000)
 Metaspace       used 12650K, capacity 12806K, committed 12928K, reserved 1060864K
  class space    used 1528K, capacity 1605K, committed 1664K, reserved 1048576K
}
Event: 2.029 GC heap before
{Heap before GC invocations=15 (full 0):
 def new generation   total 4928K, used 4927K [0x00000000f0800000, 0x00000000f0d50000, 0x00000000f5aa0000)
  eden space 4416K, 100% used [0x00000000f0800000, 0x00000000f0c50000, 0x00000000f0c50000)
  from space 512K,  99% used [0x00000000f0cd0000, 0x00000000f0d4fff0, 0x00000000f0d50000)
  to   space 512K,   0% used [0x00000000f0c50000, 0x00000000f0c50000, 0x00000000f0cd0000)
 tenured generation   total 10944K, used 6607K [0x00000000f5aa0000, 0x00000000f6550000, 0x0000000100000000)
   the space 10944K,  60% used [0x00000000f5aa0000, 0x00000000f6113ce8, 0x00000000f6113e00, 0x00000000f6550000)
 Metaspace       used 13502K, capacity 13730K, committed 13824K, reserved 1060864K
  class space    used 1610K, capacity 1711K, committed 1792K, reserved 1048576K
Event: 2.033 GC heap after
Heap after GC invocations=16 (full 0):
 def new generation   total 4928K, used 511K [0x00000000f0800000, 0x00000000f0d50000, 0x00000000f5aa0000)
  eden space 4416K,   0% used [0x00000000f0800000, 0x00000000f0800000, 0x00000000f0c50000)
  from space 512K,  99% used [0x00000000f0c50000, 0x00000000f0ccfff8, 0x00000000f0cd0000)
  to   space 512K,   0% used [0x00000000f0cd0000, 0x00000000f0cd0000, 0x00000000f0d50000)
 tenured generation   total 10944K, used 7053K [0x00000000f5aa0000, 0x00000000f6550000, 0x0000000100000000)
   the space 10944K,  64% used [0x00000000f5aa0000, 0x00000000f61834c0, 0x00000000f6183600, 0x00000000f6550000)
 Metaspace       used 13502K, capacity 13730K, committed 13824K, reserved 1060864K
  class space    used 1610K, capacity 1711K, committed 1792K, reserved 1048576K
}
Event: 2.308 GC heap before
{Heap before GC invocations=16 (full 0):
 def new generation   total 4928K, used 4927K [0x00000000f0800000, 0x00000000f0d50000, 0x00000000f5aa0000)
  eden space 4416K, 100% used [0x00000000f0800000, 0x00000000f0c50000, 0x00000000f0c50000)
  from space 512K,  99% used [0x00000000f0c50000, 0x00000000f0ccfff8, 0x00000000f0cd0000)
  to   space 512K,   0% used [0x00000000f0cd0000, 0x00000000f0cd0000, 0x00000000f0d50000)
 tenured generation   total 10944K, used 7053K [0x00000000f5aa0000, 0x00000000f6550000, 0x0000000100000000)
   the space 10944K,  64% used [0x00000000f5aa0000, 0x00000000f61834c0, 0x00000000f6183600, 0x00000000f6550000)
 Metaspace       used 14621K, capacity 14842K, committed 14976K, reserved 1062912K
  class space    used 1728K, capacity 1847K, committed 1920K, reserved 1048576K
Event: 2.312 GC heap after
Heap after GC invocations=17 (full 0):
 def new generation   total 4928K, used 511K [0x00000000f0800000, 0x00000000f0d50000, 0x00000000f5aa0000)
  eden space 4416K,   0% used [0x00000000f0800000, 0x00000000f0800000, 0x00000000f0c50000)
  from space 512K,  99% used [0x00000000f0cd0000, 0x00000000f0d4fff8, 0x00000000f0d50000)
  to   space 512K,   0% used [0x00000000f0c50000, 0x00000000f0c50000, 0x00000000f0cd0000)
 tenured generation   total 10944K, used 7839K [0x00000000f5aa0000, 0x00000000f6550000, 0x0000000100000000)
   the space 10944K,  71% used [0x00000000f5aa0000, 0x00000000f6247d78, 0x00000000f6247e00, 0x00000000f6550000)
 Metaspace       used 14621K, capacity 14842K, committed 14976K, reserved 1062912K
  class space    used 1728K, capacity 1847K, committed 1920K, reserved 1048576K
}
Event: 2.530 GC heap before
{Heap before GC invocations=17 (full 0):
 def new generation   total 4928K, used 4927K [0x00000000f0800000, 0x00000000f0d50000, 0x00000000f5aa0000)
  eden space 4416K, 100% used [0x00000000f0800000, 0x00000000f0c50000, 0x00000000f0c50000)
  from space 512K,  99% used [0x00000000f0cd0000, 0x00000000f0d4fff8, 0x00000000f0d50000)
  to   space 512K,   0% used [0x00000000f0c50000, 0x00000000f0c50000, 0x00000000f0cd0000)
 tenured generation   total 10944K, used 7839K [0x00000000f5aa0000, 0x00000000f6550000, 0x0000000100000000)
   the space 10944K,  71% used [0x00000000f5aa0000, 0x00000000f6247d78, 0x00000000f6247e00, 0x00000000f6550000)
 Metaspace       used 15349K, capacity 15546K, committed 15744K, reserved 1062912K
  class space    used 1803K, capacity 1911K, committed 1920K, reserved 1048576K
Event: 2.535 GC heap after
Heap after GC invocations=18 (full 0):
 def new generation   total 4928K, used 512K [0x00000000f0800000, 0x00000000f0d50000, 0x00000000f5aa0000)
  eden space 4416K,   0% used [0x00000000f0800000, 0x00000000f0800000, 0x00000000f0c50000)
  from space 512K, 100% used [0x00000000f0c50000, 0x00000000f0cd0000, 0x00000000f0cd0000)
  to   space 512K,   0% used [0x00000000f0cd0000, 0x00000000f0cd0000, 0x00000000f0d50000)
 tenured generation   total 10944K, used 9132K [0x00000000f5aa0000, 0x00000000f6550000, 0x0000000100000000)
   the space 10944K,  83% used [0x00000000f5aa0000, 0x00000000f638b1c8, 0x00000000f638b200, 0x00000000f6550000)
 Metaspace       used 15349K, capacity 15546K, committed 15744K, reserved 1062912K
  class space    used 1803K, capacity 1911K, committed 1920K, reserved 1048576K
}
Event: 2.761 GC heap before
{Heap before GC invocations=18 (full 0):
 def new generation   total 4928K, used 4928K [0x00000000f0800000, 0x00000000f0d50000, 0x00000000f5aa0000)
  eden space 4416K, 100% used [0x00000000f0800000, 0x00000000f0c50000, 0x00000000f0c50000)
  from space 512K, 100% used [0x00000000f0c50000, 0x00000000f0cd0000, 0x00000000f0cd0000)
  to   space 512K,   0% used [0x00000000f0cd0000, 0x00000000f0cd0000, 0x00000000f0d50000)
 tenured generation   total 10944K, used 9132K [0x00000000f5aa0000, 0x00000000f6550000, 0x0000000100000000)
   the space 10944K,  83% used [0x00000000f5aa0000, 0x00000000f638b1c8, 0x00000000f638b200, 0x00000000f6550000)
 Metaspace       used 15605K, capacity 15852K, committed 16128K, reserved 1062912K
  class space    used 1830K, capacity 1946K, committed 2048K, reserved 1048576K
Event: 2.766 GC heap after
Heap after GC invocations=19 (full 0):
 def new generation   total 4928K, used 512K [0x00000000f0800000, 0x00000000f0d50000, 0x00000000f5aa0000)
  eden space 4416K,   0% used [0x00000000f0800000, 0x00000000f0800000, 0x00000000f0c50000)
  from space 512K, 100% used [0x00000000f0cd0000, 0x00000000f0d50000, 0x00000000f0d50000)
  to   space 512K,   0% used [0x00000000f0c50000, 0x00000000f0c50000, 0x00000000f0cd0000)
 tenured generation   total 10944K, used 9755K [0x00000000f5aa0000, 0x00000000f6550000, 0x0000000100000000)
   the space 10944K,  89% used [0x00000000f5aa0000, 0x00000000f6426f68, 0x00000000f6427000, 0x00000000f6550000)
 Metaspace       used 15605K, capacity 15852K, committed 16128K, reserved 1062912K
  class space    used 1830K, capacity 1946K, committed 2048K, reserved 1048576K
}
Event: 2.859 GC heap before
{Heap before GC invocations=19 (full 0):
 def new generation   total 4928K, used 4928K [0x00000000f0800000, 0x00000000f0d50000, 0x00000000f5aa0000)
  eden space 4416K, 100% used [0x00000000f0800000, 0x00000000f0c50000, 0x00000000f0c50000)
  from space 512K, 100% used [0x00000000f0cd0000, 0x00000000f0d50000, 0x00000000f0d50000)
  to   space 512K,   0% used [0x00000000f0c50000, 0x00000000f0c50000, 0x00000000f0cd0000)
 tenured generation   total 10944K, used 9755K [0x00000000f5aa0000, 0x00000000f6550000, 0x0000000100000000)
   the space 10944K,  89% used [0x00000000f5aa0000, 0x00000000f6426f68, 0x00000000f6427000, 0x00000000f6550000)
 Metaspace       used 15730K, capacity 15980K, committed 16128K, reserved 1062912K
  class space    used 1836K, capacity 1946K, committed 2048K, reserved 1048576K
Event: 2.864 GC heap after
Heap after GC invocations=20 (full 0):
 def new generation   total 4928K, used 512K [0x00000000f0800000, 0x00000000f0d50000, 0x00000000f5aa0000)
  eden space 4416K,   0% used [0x00000000f0800000, 0x00000000f0800000, 0x00000000f0c50000)
  from space 512K, 100% used [0x00000000f0c50000, 0x00000000f0cd0000, 0x00000000f0cd0000)
  to   space 512K,   0% used [0x00000000f0cd0000, 0x00000000f0cd0000, 0x00000000f0d50000)
 tenured generation   total 10944K, used 10760K [0x00000000f5aa0000, 0x00000000f6550000, 0x0000000100000000)
   the space 10944K,  98% used [0x00000000f5aa0000, 0x00000000f6522040, 0x00000000f6522200, 0x00000000f6550000)
 Metaspace       used 15730K, capacity 15980K, committed 16128K, reserved 1062912K
  class space    used 1836K, capacity 1946K, committed 2048K, reserved 1048576K
}
Event: 2.898 GC heap before
{Heap before GC invocations=20 (full 0):
 def new generation   total 4928K, used 4928K [0x00000000f0800000, 0x00000000f0d50000, 0x00000000f5aa0000)
  eden space 4416K, 100% used [0x00000000f0800000, 0x00000000f0c50000, 0x00000000f0c50000)
  from space 512K, 100% used [0x00000000f0c50000, 0x00000000f0cd0000, 0x00000000f0cd0000)
  to   space 512K,   0% used [0x00000000f0cd0000, 0x00000000f0cd0000, 0x00000000f0d50000)
 tenured generation   total 10944K, used 10760K [0x00000000f5aa0000, 0x00000000f6550000, 0x0000000100000000)
   the space 10944K,  98% used [0x00000000f5aa0000, 0x00000000f6522040, 0x00000000f6522200, 0x00000000f6550000)
 Metaspace       used 15744K, capacity 15992K, committed 16128K, reserved 1062912K
  class space    used 1838K, capacity 1948K, committed 2048K, reserved 1048576K
Event: 2.929 GC heap after
Heap after GC invocations=21 (full 1):
 def new generation   total 6336K, used 0K [0x00000000f0800000, 0x00000000f0ee0000, 0x00000000f5aa0000)
  eden space 5632K,   0% used [0x00000000f0800000, 0x00000000f0800000, 0x00000000f0d80000)
  from space 704K,   0% used [0x00000000f0d80000, 0x00000000f0d80000, 0x00000000f0e30000)
  to   space 704K,   0% used [0x00000000f0e30000, 0x00000000f0e30000, 0x00000000f0ee0000)
 tenured generation   total 14004K, used 8400K [0x00000000f5aa0000, 0x00000000f684d000, 0x0000000100000000)
   the space 14004K,  59% used [0x00000000f5aa0000, 0x00000000f62d42d8, 0x00000000f62d4400, 0x00000000f684d000)
 Metaspace       used 15744K, capacity 15992K, committed 16128K, reserved 1062912K
  class space    used 1838K, capacity 1948K, committed 2048K, reserved 1048576K
}
Event: 3.023 GC heap before
{Heap before GC invocations=21 (full 1):
 def new generation   total 6336K, used 5632K [0x00000000f0800000, 0x00000000f0ee0000, 0x00000000f5aa0000)
  eden space 5632K, 100% used [0x00000000f0800000, 0x00000000f0d80000, 0x00000000f0d80000)
  from space 704K,   0% used [0x00000000f0d80000, 0x00000000f0d80000, 0x00000000f0e30000)
  to   space 704K,   0% used [0x00000000f0e30000, 0x00000000f0e30000, 0x00000000f0ee0000)
 tenured generation   total 14004K, used 8400K [0x00000000f5aa0000, 0x00000000f684d000, 0x0000000100000000)
   the space 14004K,  59% used [0x00000000f5aa0000, 0x00000000f62d42d8, 0x00000000f62d4400, 0x00000000f684d000)
 Metaspace       used 15768K, capacity 15992K, committed 16128K, reserved 1062912K
  class space    used 1839K, capacity 1948K, committed 2048K, reserved 1048576K
Event: 3.026 GC heap after
Heap after GC invocations=22 (full 1):
 def new generation   total 6336K, used 558K [0x00000000f0800000, 0x00000000f0ee0000, 0x00000000f5aa0000)
  eden space 5632K,   0% used [0x00000000f0800000, 0x00000000f0800000, 0x00000000f0d80000)
  from space 704K,  79% used [0x00000000f0e30000, 0x00000000f0ebbbc0, 0x00000000f0ee0000)
  to   space 704K,   0% used [0x00000000f0d80000, 0x00000000f0d80000, 0x00000000f0e30000)
 tenured generation   total 14004K, used 8400K [0x00000000f5aa0000, 0x00000000f684d000, 0x0000000100000000)
   the space 14004K,  59% used [0x00000000f5aa0000, 0x00000000f62d42d8, 0x00000000f62d4400, 0x00000000f684d000)
 Metaspace       used 15768K, capacity 15992K, committed 16128K, reserved 1062912K
  class space    used 1839K, capacity 1948K, committed 2048K, reserved 1048576K
}
Event: 3.134 GC heap before
{Heap before GC invocations=22 (full 1):
 def new generation   total 6336K, used 6190K [0x00000000f0800000, 0x00000000f0ee0000, 0x00000000f5aa0000)
  eden space 5632K, 100% used [0x00000000f0800000, 0x00000000f0d80000, 0x00000000f0d80000)
  from space 704K,  79% used [0x00000000f0e30000, 0x00000000f0ebbbc0, 0x00000000f0ee0000)
  to   space 704K,   0% used [0x00000000f0d80000, 0x00000000f0d80000, 0x00000000f0e30000)
 tenured generation   total 14004K, used 8400K [0x00000000f5aa0000, 0x00000000f684d000, 0x0000000100000000)
   the space 14004K,  59% used [0x00000000f5aa0000, 0x00000000f62d42d8, 0x00000000f62d4400, 0x00000000f684d000)
 Metaspace       used 15850K, capacity 16120K, committed 16384K, reserved 1062912K
  class space    used 1840K, capacity 1948K, committed 2048K, reserved 1048576K
Event: 3.139 GC heap after
Heap after GC invocations=23 (full 1):
 def new generation   total 6336K, used 703K [0x00000000f0800000, 0x00000000f0ee0000, 0x00000000f5aa0000)
  eden space 5632K,   0% used [0x00000000f0800000, 0x00000000f0800000, 0x00000000f0d80000)
  from space 704K,  99% used [0x00000000f0d80000, 0x00000000f0e2fff8, 0x00000000f0e30000)
  to   space 704K,   0% used [0x00000000f0e30000, 0x00000000f0e30000, 0x00000000f0ee0000)
 tenured generation   total 14004K, used 9360K [0x00000000f5aa0000, 0x00000000f684d000, 0x0000000100000000)
   the space 14004K,  66% used [0x00000000f5aa0000, 0x00000000f63c43b0, 0x00000000f63c4400, 0x00000000f684d000)
 Metaspace       used 15850K, capacity 16120K, committed 16384K, reserved 1062912K
  class space    used 1840K, capacity 1948K, committed 2048K, reserved 1048576K
}
Event: 3.304 GC heap before
{Heap before GC invocations=23 (full 1):
 def new generation   total 6336K, used 6335K [0x00000000f0800000, 0x00000000f0ee0000, 0x00000000f5aa0000)
  eden space 5632K, 100% used [0x00000000f0800000, 0x00000000f0d80000, 0x00000000f0d80000)
  from space 704K,  99% used [0x00000000f0d80000, 0x00000000f0e2fff8, 0x00000000f0e30000)
  to   space 704K,   0% used [0x00000000f0e30000, 0x00000000f0e30000, 0x00000000f0ee0000)
 tenured generation   total 14004K, used 9360K [0x00000000f5aa0000, 0x00000000f684d000, 0x0000000100000000)
   the space 14004K,  66% used [0x00000000f5aa0000, 0x00000000f63c43b0, 0x00000000f63c4400, 0x00000000f684d000)
 Metaspace       used 15984K, capacity 16254K, committed 16384K, reserved 1062912K
  class space    used 1849K, capacity 1949K, committed 2048K, reserved 1048576K
Event: 3.309 GC heap after
Heap after GC invocations=24 (full 1):
 def new generation   total 6336K, used 704K [0x00000000f0800000, 0x00000000f0ee0000, 0x00000000f5aa0000)
  eden space 5632K,   0% used [0x00000000f0800000, 0x00000000f0800000, 0x00000000f0d80000)
  from space 704K, 100% used [0x00000000f0e30000, 0x00000000f0ee0000, 0x00000000f0ee0000)
  to   space 704K,   0% used [0x00000000f0d80000, 0x00000000f0d80000, 0x00000000f0e30000)
 tenured generation   total 14004K, used 10302K [0x00000000f5aa0000, 0x00000000f684d000, 0x0000000100000000)
   the space 14004K,  73% used [0x00000000f5aa0000, 0x00000000f64afaa0, 0x00000000f64afc00, 0x00000000f684d000)
 Metaspace       used 15984K, capacity 16254K, committed 16384K, reserved 1062912K
  class space    used 1849K, capacity 1949K, committed 2048K, reserved 1048576K
}
Event: 3.483 GC heap before
{Heap before GC invocations=24 (full 1):
 def new generation   total 6336K, used 6336K [0x00000000f0800000, 0x00000000f0ee0000, 0x00000000f5aa0000)
  eden space 5632K, 100% used [0x00000000f0800000, 0x00000000f0d80000, 0x00000000f0d80000)
  from space 704K, 100% used [0x00000000f0e30000, 0x00000000f0ee0000, 0x00000000f0ee0000)
  to   space 704K,   0% used [0x00000000f0d80000, 0x00000000f0d80000, 0x00000000f0e30000)
 tenured generation   total 14004K, used 10302K [0x00000000f5aa0000, 0x00000000f684d000, 0x0000000100000000)
   the space 14004K,  73% used [0x00000000f5aa0000, 0x00000000f64afaa0, 0x00000000f64afc00, 0x00000000f684d000)
 Metaspace       used 16079K, capacity 16318K, committed 16640K, reserved 1064960K
  class space    used 1858K, capacity 1949K, committed 2048K, reserved 1048576K
Event: 3.486 GC heap after
Heap after GC invocations=25 (full 1):
 def new generation   total 6336K, used 612K [0x00000000f0800000, 0x00000000f0ee0000, 0x00000000f5aa0000)
  eden space 5632K,   0% used [0x00000000f0800000, 0x00000000f0800000, 0x00000000f0d80000)
  from space 704K,  87% used [0x00000000f0d80000, 0x00000000f0e19228, 0x00000000f0e30000)
  to   space 704K,   0% used [0x00000000f0e30000, 0x00000000f0e30000, 0x00000000f0ee0000)
 tenured generation   total 14004K, used 10697K [0x00000000f5aa0000, 0x00000000f684d000, 0x0000000100000000)
   the space 14004K,  76% used [0x00000000f5aa0000, 0x00000000f65127f8, 0x00000000f6512800, 0x00000000f684d000)
 Metaspace       used 16079K, capacity 16318K, committed 16640K, reserved 1064960K
  class space    used 1858K, capacity 1949K, committed 2048K, reserved 1048576K
}
Event: 3.773 GC heap before
{Heap before GC invocations=25 (full 1):
 def new generation   total 6336K, used 6244K [0x00000000f0800000, 0x00000000f0ee0000, 0x00000000f5aa0000)
  eden space 5632K, 100% used [0x00000000f0800000, 0x00000000f0d80000, 0x00000000f0d80000)
  from space 704K,  87% used [0x00000000f0d80000, 0x00000000f0e19228, 0x00000000f0e30000)
  to   space 704K,   0% used [0x00000000f0e30000, 0x00000000f0e30000, 0x00000000f0ee0000)
 tenured generation   total 14004K, used 10697K [0x00000000f5aa0000, 0x00000000f684d000, 0x0000000100000000)
   the space 14004K,  76% used [0x00000000f5aa0000, 0x00000000f65127f8, 0x00000000f6512800, 0x00000000f684d000)
 Metaspace       used 16111K, capacity 16382K, committed 16640K, reserved 1064960K
  class space    used 1858K, capacity 1949K, committed 2048K, reserved 1048576K
Event: 3.777 GC heap after
Heap after GC invocations=26 (full 1):
 def new generation   total 6336K, used 704K [0x00000000f0800000, 0x00000000f0ee0000, 0x00000000f5aa0000)
  eden space 5632K,   0% used [0x00000000f0800000, 0x00000000f0800000, 0x00000000f0d80000)
  from space 704K, 100% used [0x00000000f0e30000, 0x00000000f0ee0000, 0x00000000f0ee0000)
  to   space 704K,   0% used [0x00000000f0d80000, 0x00000000f0d80000, 0x00000000f0e30000)
 tenured generation   total 14004K, used 11269K [0x00000000f5aa0000, 0x00000000f684d000, 0x0000000100000000)
   the space 14004K,  80% used [0x00000000f5aa0000, 0x00000000f65a15c0, 0x00000000f65a1600, 0x00000000f684d000)
 Metaspace       used 16111K, capacity 16382K, committed 16640K, reserved 1064960K
  class space    used 1858K, capacity 1949K, committed 2048K, reserved 1048576K
}
Event: 3.933 GC heap before
{Heap before GC invocations=26 (full 1):
 def new generation   total 6336K, used 6336K [0x00000000f0800000, 0x00000000f0ee0000, 0x00000000f5aa0000)
  eden space 5632K, 100% used [0x00000000f0800000, 0x00000000f0d80000, 0x00000000f0d80000)
  from space 704K, 100% used [0x00000000f0e30000, 0x00000000f0ee0000, 0x00000000f0ee0000)
  to   space 704K,   0% used [0x00000000f0d80000, 0x00000000f0d80000, 0x00000000f0e30000)
 tenured generation   total 14004K, used 11269K [0x00000000f5aa0000, 0x00000000f684d000, 0x0000000100000000)
   the space 14004K,  80% used [0x00000000f5aa0000, 0x00000000f65a15c0, 0x00000000f65a1600, 0x00000000f684d000)
 Metaspace       used 16142K, capacity 16382K, committed 16640K, reserved 1064960K
  class space    used 1858K, capacity 1949K, committed 2048K, reserved 1048576K
Event: 3.937 GC heap after
Heap after GC invocations=27 (full 1):
 def new generation   total 6336K, used 704K [0x00000000f0800000, 0x00000000f0ee0000, 0x00000000f5aa0000)
  eden space 5632K,   0% used [0x00000000f0800000, 0x00000000f0800000, 0x00000000f0d80000)
  from space 704K, 100% used [0x00000000f0d80000, 0x00000000f0e30000, 0x00000000f0e30000)
  to   space 704K,   0% used [0x00000000f0e30000, 0x00000000f0e30000, 0x00000000f0ee0000)
 tenured generation   total 14004K, used 11907K [0x00000000f5aa0000, 0x00000000f684d000, 0x0000000100000000)
   the space 14004K,  85% used [0x00000000f5aa0000, 0x00000000f6640e38, 0x00000000f6641000, 0x00000000f684d000)
 Metaspace       used 16142K, capacity 16382K, committed 16640K, reserved 1064960K
  class space    used 1858K, capacity 1949K, committed 2048K, reserved 1048576K
}
Event: 4.023 GC heap before
{Heap before GC invocations=27 (full 1):
 def new generation   total 6336K, used 6336K [0x00000000f0800000, 0x00000000f0ee0000, 0x00000000f5aa0000)
  eden space 5632K, 100% used [0x00000000f0800000, 0x00000000f0d80000, 0x00000000f0d80000)
  from space 704K, 100% used [0x00000000f0d80000, 0x00000000f0e30000, 0x00000000f0e30000)
  to   space 704K,   0% used [0x00000000f0e30000, 0x00000000f0e30000, 0x00000000f0ee0000)
 tenured generation   total 14004K, used 11907K [0x00000000f5aa0000, 0x00000000f684d000, 0x0000000100000000)
   the space 14004K,  85% used [0x00000000f5aa0000, 0x00000000f6640e38, 0x00000000f6641000, 0x00000000f684d000)
 Metaspace       used 16246K, capacity 16542K, committed 16640K, reserved 1064960K
  class space    used 1870K, capacity 1981K, committed 2048K, reserved 1048576K
Event: 4.027 GC heap after
Heap after GC invocations=28 (full 1):
 def new generation   total 6336K, used 703K [0x00000000f0800000, 0x00000000f0ee0000, 0x00000000f5aa0000)
  eden space 5632K,   0% used [0x00000000f0800000, 0x00000000f0800000, 0x00000000f0d80000)
  from space 704K,  99% used [0x00000000f0e30000, 0x00000000f0edfff8, 0x00000000f0ee0000)
  to   space 704K,   0% used [0x00000000f0d80000, 0x00000000f0d80000, 0x00000000f0e30000)
 tenured generation   total 14004K, used 12779K [0x00000000f5aa0000, 0x00000000f684d000, 0x0000000100000000)
   the space 14004K,  91% used [0x00000000f5aa0000, 0x00000000f671acd8, 0x00000000f671ae00, 0x00000000f684d000)
 Metaspace       used 16246K, capacity 16542K, committed 16640K, reserved 1064960K
  class space    used 1870K, capacity 1981K, committed 2048K, reserved 1048576K
}
Event: 4.171 GC heap before
{Heap before GC invocations=28 (full 1):
 def new generation   total 6336K, used 6335K [0x00000000f0800000, 0x00000000f0ee0000, 0x00000000f5aa0000)
  eden space 5632K, 100% used [0x00000000f0800000, 0x00000000f0d80000, 0x00000000f0d80000)
  from space 704K,  99% used [0x00000000f0e30000, 0x00000000f0edfff8, 0x00000000f0ee0000)
  to   space 704K,   0% used [0x00000000f0d80000, 0x00000000f0d80000, 0x00000000f0e30000)
 tenured generation   total 14004K, used 12779K [0x00000000f5aa0000, 0x00000000f684d000, 0x0000000100000000)
   the space 14004K,  91% used [0x00000000f5aa0000, 0x00000000f671acd8, 0x00000000f671ae00, 0x00000000f684d000)
 Metaspace       used 16260K, capacity 16542K, committed 16640K, reserved 1064960K
  class space    used 1871K, capacity 1981K, committed 2048K, reserved 1048576K
Event: 4.174 GC heap after
Heap after GC invocations=29 (full 1):
 def new generation   total 6336K, used 657K [0x00000000f0800000, 0x00000000f0ee0000, 0x00000000f5aa0000)
  eden space 5632K,   0% used [0x00000000f0800000, 0x00000000f0800000, 0x00000000f0d80000)
  from space 704K,  93% used [0x00000000f0d80000, 0x00000000f0e24660, 0x00000000f0e30000)
  to   space 704K,   0% used [0x00000000f0e30000, 0x00000000f0e30000, 0x00000000f0ee0000)
 tenured generation   total 14004K, used 13315K [0x00000000f5aa0000, 0x00000000f684d000, 0x0000000100000000)
   the space 14004K,  95% used [0x00000000f5aa0000, 0x00000000f67a0cb8, 0x00000000f67a0e00, 0x00000000f684d000)
 Metaspace       used 16260K, capacity 16542K, committed 16640K, reserved 1064960K
  class space    used 1871K, capacity 1981K, committed 2048K, reserved 1048576K
}
Event: 4.296 GC heap before
{Heap before GC invocations=29 (full 1):
 def new generation   total 6336K, used 6289K [0x00000000f0800000, 0x00000000f0ee0000, 0x00000000f5aa0000)
  eden space 5632K, 100% used [0x00000000f0800000, 0x00000000f0d80000, 0x00000000f0d80000)
  from space 704K,  93% used [0x00000000f0d80000, 0x00000000f0e24660, 0x00000000f0e30000)
  to   space 704K,   0% used [0x00000000f0e30000, 0x00000000f0e30000, 0x00000000f0ee0000)
 tenured generation   total 14004K, used 13315K [0x00000000f5aa0000, 0x00000000f684d000, 0x0000000100000000)
   the space 14004K,  95% used [0x00000000f5aa0000, 0x00000000f67a0cb8, 0x00000000f67a0e00, 0x00000000f684d000)
 Metaspace       used 16268K, capacity 16542K, committed 16640K, reserved 1064960K
  class space    used 1871K, capacity 1981K, committed 2048K, reserved 1048576K
Event: 4.299 GC heap after
Heap after GC invocations=30 (full 1):
 def new generation   total 6336K, used 598K [0x00000000f0800000, 0x00000000f0ee0000, 0x00000000f5aa0000)
  eden space 5632K,   0% used [0x00000000f0800000, 0x00000000f0800000, 0x00000000f0d80000)
  from space 704K,  85% used [0x00000000f0e30000, 0x00000000f0ec5b08, 0x00000000f0ee0000)
  to   space 704K,   0% used [0x00000000f0d80000, 0x00000000f0d80000, 0x00000000f0e30000)
 tenured generation   total 14004K, used 13848K [0x00000000f5aa0000, 0x00000000f684d000, 0x0000000100000000)
   the space 14004K,  98% used [0x00000000f5aa0000, 0x00000000f6826390, 0x00000000f6826400, 0x00000000f684d000)
 Metaspace       used 16268K, capacity 16542K, committed 16640K, reserved 1064960K
  class space    used 1871K, capacity 1981K, committed 2048K, reserved 1048576K
}
Event: 4.570 GC heap before
{Heap before GC invocations=30 (full 1):
 def new generation   total 6336K, used 6230K [0x00000000f0800000, 0x00000000f0ee0000, 0x00000000f5aa0000)
  eden space 5632K, 100% used [0x00000000f0800000, 0x00000000f0d80000, 0x00000000f0d80000)
  from space 704K,  85% used [0x00000000f0e30000, 0x00000000f0ec5b08, 0x00000000f0ee0000)
  to   space 704K,   0% used [0x00000000f0d80000, 0x00000000f0d80000, 0x00000000f0e30000)
 tenured generation   total 14004K, used 13848K [0x00000000f5aa0000, 0x00000000f684d000, 0x0000000100000000)
   the space 14004K,  98% used [0x00000000f5aa0000, 0x00000000f6826390, 0x00000000f6826400, 0x00000000f684d000)
 Metaspace       used 16287K, capacity 16542K, committed 16640K, reserved 1064960K
  class space    used 1871K, capacity 1981K, committed 2048K, reserved 1048576K
Event: 4.655 GC heap after
Heap after GC invocations=31 (full 2):
 def new generation   total 9472K, used 0K [0x00000000f0800000, 0x00000000f1240000, 0x00000000f5aa0000)
  eden space 8448K,   0% used [0x00000000f0800000, 0x00000000f0800000, 0x00000000f1040000)
  from space 1024K,   0% used [0x00000000f1040000, 0x00000000f1040000, 0x00000000f1140000)
  to   space 1024K,   0% used [0x00000000f1140000, 0x00000000f1140000, 0x00000000f1240000)
 tenured generation   total 20960K, used 12575K [0x00000000f5aa0000, 0x00000000f6f18000, 0x0000000100000000)
   the space 20960K,  59% used [0x00000000f5aa0000, 0x00000000f66e7ed0, 0x00000000f66e8000, 0x00000000f6f18000)
 Metaspace       used 16287K, capacity 16542K, committed 16640K, reserved 1064960K
  class space    used 1871K, capacity 1981K, committed 2048K, reserved 1048576K
}
Event: 5.034 GC heap before
{Heap before GC invocations=31 (full 2):
 def new generation   total 9472K, used 8448K [0x00000000f0800000, 0x00000000f1240000, 0x00000000f5aa0000)
  eden space 8448K, 100% used [0x00000000f0800000, 0x00000000f1040000, 0x00000000f1040000)
  from space 1024K,   0% used [0x00000000f1040000, 0x00000000f1040000, 0x00000000f1140000)
  to   space 1024K,   0% used [0x00000000f1140000, 0x00000000f1140000, 0x00000000f1240000)
 tenured generation   total 20960K, used 12575K [0x00000000f5aa0000, 0x00000000f6f18000, 0x0000000100000000)
   the space 20960K,  59% used [0x00000000f5aa0000, 0x00000000f66e7ed0, 0x00000000f66e8000, 0x00000000f6f18000)
 Metaspace       used 16356K, capacity 16618K, committed 16896K, reserved 1064960K
  class space    used 1872K, capacity 1983K, committed 2048K, reserved 1048576K
Event: 5.036 GC heap after
Heap after GC invocations=32 (full 2):
 def new generation   total 9472K, used 634K [0x00000000f0800000, 0x00000000f1240000, 0x00000000f5aa0000)
  eden space 8448K,   0% used [0x00000000f0800000, 0x00000000f0800000, 0x00000000f1040000)
  from space 1024K,  61% used [0x00000000f1140000, 0x00000000f11de8e8, 0x00000000f1240000)
  to   space 1024K,   0% used [0x00000000f1040000, 0x00000000f1040000, 0x00000000f1140000)
 tenured generation   total 20960K, used 12575K [0x00000000f5aa0000, 0x00000000f6f18000, 0x0000000100000000)
   the space 20960K,  59% used [0x00000000f5aa0000, 0x00000000f66e7ed0, 0x00000000f66e8000, 0x00000000f6f18000)
 Metaspace       used 16356K, capacity 16618K, committed 16896K, reserved 1064960K
  class space    used 1872K, capacity 1983K, committed 2048K, reserved 1048576K
}
Event: 5.174 GC heap before
{Heap before GC invocations=32 (full 2):
 def new generation   total 9472K, used 9082K [0x00000000f0800000, 0x00000000f1240000, 0x00000000f5aa0000)
  eden space 8448K, 100% used [0x00000000f0800000, 0x00000000f1040000, 0x00000000f1040000)
  from space 1024K,  61% used [0x00000000f1140000, 0x00000000f11de8e8, 0x00000000f1240000)
  to   space 1024K,   0% used [0x00000000f1040000, 0x00000000f1040000, 0x00000000f1140000)
 tenured generation   total 20960K, used 12575K [0x00000000f5aa0000, 0x00000000f6f18000, 0x0000000100000000)
   the space 20960K,  59% used [0x00000000f5aa0000, 0x00000000f66e7ed0, 0x00000000f66e8000, 0x00000000f6f18000)
 Metaspace       used 16392K, capacity 16630K, committed 16896K, reserved 1064960K
  class space    used 1873K, capacity 1985K, committed 2048K, reserved 1048576K
Event: 5.178 GC heap after
Heap after GC invocations=33 (full 2):
 def new generation   total 9472K, used 775K [0x00000000f0800000, 0x00000000f1240000, 0x00000000f5aa0000)
  eden space 8448K,   0% used [0x00000000f0800000, 0x00000000f0800000, 0x00000000f1040000)
  from space 1024K,  75% used [0x00000000f1040000, 0x00000000f1101ce0, 0x00000000f1140000)
  to   space 1024K,   0% used [0x00000000f1140000, 0x00000000f1140000, 0x00000000f1240000)
 tenured generation   total 20960K, used 13181K [0x00000000f5aa0000, 0x00000000f6f18000, 0x0000000100000000)
   the space 20960K,  62% used [0x00000000f5aa0000, 0x00000000f677f4b8, 0x00000000f677f600, 0x00000000f6f18000)
 Metaspace       used 16392K, capacity 16630K, committed 16896K, reserved 1064960K
  class space    used 1873K, capacity 1985K, committed 2048K, reserved 1048576K
}
Event: 5.395 GC heap before
{Heap before GC invocations=33 (full 2):
 def new generation   total 9472K, used 9221K [0x00000000f0800000, 0x00000000f1240000, 0x00000000f5aa0000)
  eden space 8448K,  99% used [0x00000000f0800000, 0x00000000f103f8f0, 0x00000000f1040000)
  from space 1024K,  75% used [0x00000000f1040000, 0x00000000f1101ce0, 0x00000000f1140000)
  to   space 1024K,   0% used [0x00000000f1140000, 0x00000000f1140000, 0x00000000f1240000)
 tenured generation   total 20960K, used 13181K [0x00000000f5aa0000, 0x00000000f6f18000, 0x0000000100000000)
   the space 20960K,  62% used [0x00000000f5aa0000, 0x00000000f677f4b8, 0x00000000f677f600, 0x00000000f6f18000)
 Metaspace       used 16608K, capacity 16918K, committed 17152K, reserved 1064960K
  class space    used 1890K, capacity 2017K, committed 2048K, reserved 1048576K
Event: 5.399 GC heap after
Heap after GC invocations=34 (full 2):
 def new generation   total 9472K, used 640K [0x00000000f0800000, 0x00000000f1240000, 0x00000000f5aa0000)
  eden space 8448K,   0% used [0x00000000f0800000, 0x00000000f0800000, 0x00000000f1040000)
  from space 1024K,  62% used [0x00000000f1140000, 0x00000000f11e0230, 0x00000000f1240000)
  to   space 1024K,   0% used [0x00000000f1040000, 0x00000000f1040000, 0x00000000f1140000)
 tenured generation   total 20960K, used 13932K [0x00000000f5aa0000, 0x00000000f6f18000, 0x0000000100000000)
   the space 20960K,  66% used [0x00000000f5aa0000, 0x00000000f683b138, 0x00000000f683b200, 0x00000000f6f18000)
 Metaspace       used 16608K, capacity 16918K, committed 17152K, reserved 1064960K
  class space    used 1890K, capacity 2017K, committed 2048K, reserved 1048576K
}
Event: 5.723 GC heap before
{Heap before GC invocations=34 (full 2):
 def new generation   total 9472K, used 9088K [0x00000000f0800000, 0x00000000f1240000, 0x00000000f5aa0000)
  eden space 8448K, 100% used [0x00000000f0800000, 0x00000000f1040000, 0x00000000f1040000)
  from space 1024K,  62% used [0x00000000f1140000, 0x00000000f11e0230, 0x00000000f1240000)
  to   space 1024K,   0% used [0x00000000f1040000, 0x00000000f1040000, 0x00000000f1140000)
 tenured generation   total 20960K, used 13932K [0x00000000f5aa0000, 0x00000000f6f18000, 0x0000000100000000)
   the space 20960K,  66% used [0x00000000f5aa0000, 0x00000000f683b138, 0x00000000f683b200, 0x00000000f6f18000)
 Metaspace       used 17235K, capacity 17594K, committed 17792K, reserved 1064960K
  class space    used 1970K, capacity 2091K, committed 2176K, reserved 1048576K
Event: 5.727 GC heap after
Heap after GC invocations=35 (full 2):
 def new generation   total 9472K, used 891K [0x00000000f0800000, 0x00000000f1240000, 0x00000000f5aa0000)
  eden space 8448K,   0% used [0x00000000f0800000, 0x00000000f0800000, 0x00000000f1040000)
  from space 1024K,  87% used [0x00000000f1040000, 0x00000000f111efe8, 0x00000000f1140000)
  to   space 1024K,   0% used [0x00000000f1140000, 0x00000000f1140000, 0x00000000f1240000)
 tenured generation   total 20960K, used 14406K [0x00000000f5aa0000, 0x00000000f6f18000, 0x0000000100000000)
   the space 20960K,  68% used [0x00000000f5aa0000, 0x00000000f68b1b08, 0x00000000f68b1c00, 0x00000000f6f18000)
 Metaspace       used 17235K, capacity 17594K, committed 17792K, reserved 1064960K
  class space    used 1970K, capacity 2091K, committed 2176K, reserved 1048576K
}
Event: 5.861 GC heap before
{Heap before GC invocations=35 (full 2):
 def new generation   total 9472K, used 9339K [0x00000000f0800000, 0x00000000f1240000, 0x00000000f5aa0000)
  eden space 8448K, 100% used [0x00000000f0800000, 0x00000000f1040000, 0x00000000f1040000)
  from space 1024K,  87% used [0x00000000f1040000, 0x00000000f111efe8, 0x00000000f1140000)
  to   space 1024K,   0% used [0x00000000f1140000, 0x00000000f1140000, 0x00000000f1240000)
 tenured generation   total 20960K, used 14406K [0x00000000f5aa0000, 0x00000000f6f18000, 0x0000000100000000)
   the space 20960K,  68% used [0x00000000f5aa0000, 0x00000000f68b1b08, 0x00000000f68b1c00, 0x00000000f6f18000)
 Metaspace       used 17301K, capacity 17658K, committed 17792K, reserved 1064960K
  class space    used 1970K, capacity 2091K, committed 2176K, reserved 1048576K
Event: 5.864 GC heap after
Heap after GC invocations=36 (full 2):
 def new generation   total 9472K, used 520K [0x00000000f0800000, 0x00000000f1240000, 0x00000000f5aa0000)
  eden space 8448K,   0% used [0x00000000f0800000, 0x00000000f0800000, 0x00000000f1040000)
  from space 1024K,  50% used [0x00000000f1140000, 0x00000000f11c21f0, 0x00000000f1240000)
  to   space 1024K,   0% used [0x00000000f1040000, 0x00000000f1040000, 0x00000000f1140000)
 tenured generation   total 20960K, used 14871K [0x00000000f5aa0000, 0x00000000f6f18000, 0x0000000100000000)
   the space 20960K,  70% used [0x00000000f5aa0000, 0x00000000f6925ec8, 0x00000000f6926000, 0x00000000f6f18000)
 Metaspace       used 17301K, capacity 17658K, committed 17792K, reserved 1064960K
  class space    used 1970K, capacity 2091K, committed 2176K, reserved 1048576K
}
Event: 5.975 GC heap before
{Heap before GC invocations=36 (full 2):
 def new generation   total 9472K, used 8968K [0x00000000f0800000, 0x00000000f1240000, 0x00000000f5aa0000)
  eden space 8448K, 100% used [0x00000000f0800000, 0x00000000f1040000, 0x00000000f1040000)
  from space 1024K,  50% used [0x00000000f1140000, 0x00000000f11c21f0, 0x00000000f1240000)
  to   space 1024K,   0% used [0x00000000f1040000, 0x00000000f1040000, 0x00000000f1140000)
 tenured generation   total 20960K, used 14871K [0x00000000f5aa0000, 0x00000000f6f18000, 0x0000000100000000)
   the space 20960K,  70% used [0x00000000f5aa0000, 0x00000000f6925ec8, 0x00000000f6926000, 0x00000000f6f18000)
 Metaspace       used 17382K, capacity 17722K, committed 18048K, reserved 1064960K
  class space    used 1971K, capacity 2091K, committed 2176K, reserved 1048576K
Event: 5.978 GC heap after
Heap after GC invocations=37 (full 2):
 def new generation   total 9472K, used 482K [0x00000000f0800000, 0x00000000f1240000, 0x00000000f5aa0000)
  eden space 8448K,   0% used [0x00000000f0800000, 0x00000000f0800000, 0x00000000f1040000)
  from space 1024K,  47% used [0x00000000f1040000, 0x00000000f10b8850, 0x00000000f1140000)
  to   space 1024K,   0% used [0x00000000f1140000, 0x00000000f1140000, 0x00000000f1240000)
 tenured generation   total 20960K, used 15348K [0x00000000f5aa0000, 0x00000000f6f18000, 0x0000000100000000)
   the space 20960K,  73% used [0x00000000f5aa0000, 0x00000000f699d210, 0x00000000f699d400, 0x00000000f6f18000)
 Metaspace       used 17382K, capacity 17722K, committed 18048K, reserved 1064960K
  class space    used 1971K, capacity 2091K, committed 2176K, reserved 1048576K
}
Event: 6.341 GC heap before
{Heap before GC invocations=37 (full 2):
 def new generation   total 9472K, used 8930K [0x00000000f0800000, 0x00000000f1240000, 0x00000000f5aa0000)
  eden space 8448K, 100% used [0x00000000f0800000, 0x00000000f1040000, 0x00000000f1040000)
  from space 1024K,  47% used [0x00000000f1040000, 0x00000000f10b8850, 0x00000000f1140000)
  to   space 1024K,   0% used [0x00000000f1140000, 0x00000000f1140000, 0x00000000f1240000)
 tenured generation   total 20960K, used 15348K [0x00000000f5aa0000, 0x00000000f6f18000, 0x0000000100000000)
   the space 20960K,  73% used [0x00000000f5aa0000, 0x00000000f699d210, 0x00000000f699d400, 0x00000000f6f18000)
 Metaspace       used 17457K, capacity 17786K, committed 18048K, reserved 1064960K
  class space    used 1971K, capacity 2091K, committed 2176K, reserved 1048576K
Event: 6.343 GC heap after
Heap after GC invocations=38 (full 2):
 def new generation   total 9472K, used 859K [0x00000000f0800000, 0x00000000f1240000, 0x00000000f5aa0000)
  eden space 8448K,   0% used [0x00000000f0800000, 0x00000000f0800000, 0x00000000f1040000)
  from space 1024K,  83% used [0x00000000f1140000, 0x00000000f1216d20, 0x00000000f1240000)
  to   space 1024K,   0% used [0x00000000f1040000, 0x00000000f1040000, 0x00000000f1140000)
 tenured generation   total 20960K, used 15348K [0x00000000f5aa0000, 0x00000000f6f18000, 0x0000000100000000)
   the space 20960K,  73% used [0x00000000f5aa0000, 0x00000000f699d210, 0x00000000f699d400, 0x00000000f6f18000)
 Metaspace       used 17457K, capacity 17786K, committed 18048K, reserved 1064960K
  class space    used 1971K, capacity 2091K, committed 2176K, reserved 1048576K
}
Event: 6.523 GC heap before
{Heap before GC invocations=38 (full 2):
 def new generation   total 9472K, used 9307K [0x00000000f0800000, 0x00000000f1240000, 0x00000000f5aa0000)
  eden space 8448K, 100% used [0x00000000f0800000, 0x00000000f1040000, 0x00000000f1040000)
  from space 1024K,  83% used [0x00000000f1140000, 0x00000000f1216d20, 0x00000000f1240000)
  to   space 1024K,   0% used [0x00000000f1040000, 0x00000000f1040000, 0x00000000f1140000)
 tenured generation   total 20960K, used 15348K [0x00000000f5aa0000, 0x00000000f6f18000, 0x0000000100000000)
   the space 20960K,  73% used [0x00000000f5aa0000, 0x00000000f699d210, 0x00000000f699d400, 0x00000000f6f18000)
 Metaspace       used 17568K, capacity 18014K, committed 18048K, reserved 1064960K
  class space    used 1987K, capacity 2165K, committed 2176K, reserved 1048576K
Event: 6.527 GC heap after
Heap after GC invocations=39 (full 2):
 def new generation   total 9472K, used 999K [0x00000000f0800000, 0x00000000f1240000, 0x00000000f5aa0000)
  eden space 8448K,   0% used [0x00000000f0800000, 0x00000000f0800000, 0x00000000f1040000)
  from space 1024K,  97% used [0x00000000f1040000, 0x00000000f1139f28, 0x00000000f1140000)
  to   space 1024K,   0% used [0x00000000f1140000, 0x00000000f1140000, 0x00000000f1240000)
 tenured generation   total 20960K, used 15807K [0x00000000f5aa0000, 0x00000000f6f18000, 0x0000000100000000)
   the space 20960K,  75% used [0x00000000f5aa0000, 0x00000000f6a0fc10, 0x00000000f6a0fe00, 0x00000000f6f18000)
 Metaspace       used 17568K, capacity 18014K, committed 18048K, reserved 1064960K
  class space    used 1987K, capacity 2165K, committed 2176K, reserved 1048576K
}
Event: 6.722 GC heap before
{Heap before GC invocations=39 (full 2):
 def new generation   total 9472K, used 9441K [0x00000000f0800000, 0x00000000f1240000, 0x00000000f5aa0000)
  eden space 8448K,  99% used [0x00000000f0800000, 0x00000000f103e630, 0x00000000f1040000)
  from space 1024K,  97% used [0x00000000f1040000, 0x00000000f1139f28, 0x00000000f1140000)
  to   space 1024K,   0% used [0x00000000f1140000, 0x00000000f1140000, 0x00000000f1240000)
 tenured generation   total 20960K, used 15807K [0x00000000f5aa0000, 0x00000000f6f18000, 0x0000000100000000)
   the space 20960K,  75% used [0x00000000f5aa0000, 0x00000000f6a0fc10, 0x00000000f6a0fe00, 0x00000000f6f18000)
 Metaspace       used 18199K, capacity 18660K, committed 18944K, reserved 1067008K
  class space    used 2074K, capacity 2231K, committed 2304K, reserved 1048576K
Event: 6.726 GC heap after
Heap after GC invocations=40 (full 2):
 def new generation   total 9472K, used 933K [0x00000000f0800000, 0x00000000f1240000, 0x00000000f5aa0000)
  eden space 8448K,   0% used [0x00000000f0800000, 0x00000000f0800000, 0x00000000f1040000)
  from space 1024K,  91% used [0x00000000f1140000, 0x00000000f1229560, 0x00000000f1240000)
  to   space 1024K,   0% used [0x00000000f1040000, 0x00000000f1040000, 0x00000000f1140000)
 tenured generation   total 20960K, used 16441K [0x00000000f5aa0000, 0x00000000f6f18000, 0x0000000100000000)
   the space 20960K,  78% used [0x00000000f5aa0000, 0x00000000f6aae708, 0x00000000f6aae800, 0x00000000f6f18000)
 Metaspace       used 18199K, capacity 18660K, committed 18944K, reserved 1067008K
  class space    used 2074K, capacity 2231K, committed 2304K, reserved 1048576K
}
Event: 6.864 GC heap before
{Heap before GC invocations=40 (full 2):
 def new generation   total 9472K, used 9381K [0x00000000f0800000, 0x00000000f1240000, 0x00000000f5aa0000)
  eden space 8448K, 100% used [0x00000000f0800000, 0x00000000f1040000, 0x00000000f1040000)
  from space 1024K,  91% used [0x00000000f1140000, 0x00000000f1229560, 0x00000000f1240000)
  to   space 1024K,   0% used [0x00000000f1040000, 0x00000000f1040000, 0x00000000f1140000)
 tenured generation   total 20960K, used 16441K [0x00000000f5aa0000, 0x00000000f6f18000, 0x0000000100000000)
   the space 20960K,  78% used [0x00000000f5aa0000, 0x00000000f6aae708, 0x00000000f6aae800, 0x00000000f6f18000)
 Metaspace       used 18279K, capacity 18808K, committed 18944K, reserved 1067008K
  class space    used 2078K, capacity 2235K, committed 2304K, reserved 1048576K
Event: 6.867 GC heap after
Heap after GC invocations=41 (full 2):
 def new generation   total 9472K, used 587K [0x00000000f0800000, 0x00000000f1240000, 0x00000000f5aa0000)
  eden space 8448K,   0% used [0x00000000f0800000, 0x00000000f0800000, 0x00000000f1040000)
  from space 1024K,  57% used [0x00000000f1040000, 0x00000000f10d2c50, 0x00000000f1140000)
  to   space 1024K,   0% used [0x00000000f1140000, 0x00000000f1140000, 0x00000000f1240000)
 tenured generation   total 20960K, used 16818K [0x00000000f5aa0000, 0x00000000f6f18000, 0x0000000100000000)
   the space 20960K,  80% used [0x00000000f5aa0000, 0x00000000f6b0caf0, 0x00000000f6b0cc00, 0x00000000f6f18000)
 Metaspace       used 18279K, capacity 18808K, committed 18944K, reserved 1067008K
  class space    used 2078K, capacity 2235K, committed 2304K, reserved 1048576K
}
Event: 7.039 GC heap before
{Heap before GC invocations=41 (full 2):
 def new generation   total 9472K, used 9035K [0x00000000f0800000, 0x00000000f1240000, 0x00000000f5aa0000)
  eden space 8448K, 100% used [0x00000000f0800000, 0x00000000f1040000, 0x00000000f1040000)
  from space 1024K,  57% used [0x00000000f1040000, 0x00000000f10d2c50, 0x00000000f1140000)
  to   space 1024K,   0% used [0x00000000f1140000, 0x00000000f1140000, 0x00000000f1240000)
 tenured generation   total 20960K, used 16818K [0x00000000f5aa0000, 0x00000000f6f18000, 0x0000000100000000)
   the space 20960K,  80% used [0x00000000f5aa0000, 0x00000000f6b0caf0, 0x00000000f6b0cc00, 0x00000000f6f18000)
 Metaspace       used 18615K, capacity 19100K, committed 19200K, reserved 1067008K
  class space    used 2112K, capacity 2271K, committed 2304K, reserved 1048576K
Event: 7.042 GC heap after
Heap after GC invocations=42 (full 2):
 def new generation   total 9472K, used 739K [0x00000000f0800000, 0x00000000f1240000, 0x00000000f5aa0000)
  eden space 8448K,   0% used [0x00000000f0800000, 0x00000000f0800000, 0x00000000f1040000)
  from space 1024K,  72% used [0x00000000f1140000, 0x00000000f11f8f58, 0x00000000f1240000)
  to   space 1024K,   0% used [0x00000000f1040000, 0x00000000f1040000, 0x00000000f1140000)
 tenured generation   total 20960K, used 17234K [0x00000000f5aa0000, 0x00000000f6f18000, 0x0000000100000000)
   the space 20960K,  82% used [0x00000000f5aa0000, 0x00000000f6b74a50, 0x00000000f6b74c00, 0x00000000f6f18000)
 Metaspace       used 18615K, capacity 19100K, committed 19200K, reserved 1067008K
  class space    used 2112K, capacity 2271K, committed 2304K, reserved 1048576K
}
Event: 7.267 GC heap before
{Heap before GC invocations=42 (full 2):
 def new generation   total 9472K, used 9187K [0x00000000f0800000, 0x00000000f1240000, 0x00000000f5aa0000)
  eden space 8448K, 100% used [0x00000000f0800000, 0x00000000f1040000, 0x00000000f1040000)
  from space 1024K,  72% used [0x00000000f1140000, 0x00000000f11f8f58, 0x00000000f1240000)
  to   space 1024K,   0% used [0x00000000f1040000, 0x00000000f1040000, 0x00000000f1140000)
 tenured generation   total 20960K, used 17234K [0x00000000f5aa0000, 0x00000000f6f18000, 0x0000000100000000)
   the space 20960K,  82% used [0x00000000f5aa0000, 0x00000000f6b74a50, 0x00000000f6b74c00, 0x00000000f6f18000)
 Metaspace       used 18661K, capacity 19164K, committed 19200K, reserved 1067008K
  class space    used 2112K, capacity 2271K, committed 2304K, reserved 1048576K
Event: 7.270 GC heap after
Heap after GC invocations=43 (full 2):
 def new generation   total 9472K, used 502K [0x00000000f0800000, 0x00000000f1240000, 0x00000000f5aa0000)
  eden space 8448K,   0% used [0x00000000f0800000, 0x00000000f0800000, 0x00000000f1040000)
  from space 1024K,  49% used [0x00000000f1040000, 0x00000000f10bda68, 0x00000000f1140000)
  to   space 1024K,   0% used [0x00000000f1140000, 0x00000000f1140000, 0x00000000f1240000)
 tenured generation   total 20960K, used 17622K [0x00000000f5aa0000, 0x00000000f6f18000, 0x0000000100000000)
   the space 20960K,  84% used [0x00000000f5aa0000, 0x00000000f6bd5bf8, 0x00000000f6bd5c00, 0x00000000f6f18000)
 Metaspace       used 18661K, capacity 19164K, committed 19200K, reserved 1067008K
  class space    used 2112K, capacity 2271K, committed 2304K, reserved 1048576K
}
Event: 7.662 GC heap before
{Heap before GC invocations=43 (full 2):
 def new generation   total 9472K, used 8950K [0x00000000f0800000, 0x00000000f1240000, 0x00000000f5aa0000)
  eden space 8448K, 100% used [0x00000000f0800000, 0x00000000f1040000, 0x00000000f1040000)
  from space 1024K,  49% used [0x00000000f1040000, 0x00000000f10bda68, 0x00000000f1140000)
  to   space 1024K,   0% used [0x00000000f1140000, 0x00000000f1140000, 0x00000000f1240000)
 tenured generation   total 20960K, used 17622K [0x00000000f5aa0000, 0x00000000f6f18000, 0x0000000100000000)
   the space 20960K,  84% used [0x00000000f5aa0000, 0x00000000f6bd5bf8, 0x00000000f6bd5c00, 0x00000000f6f18000)
 Metaspace       used 19168K, capacity 19746K, committed 20096K, reserved 1067008K
  class space    used 2151K, capacity 2317K, committed 2432K, reserved 1048576K
Event: 7.666 GC heap after
Heap after GC invocations=44 (full 2):
 def new generation   total 9472K, used 1024K [0x00000000f0800000, 0x00000000f1240000, 0x00000000f5aa0000)
  eden space 8448K,   0% used [0x00000000f0800000, 0x00000000f0800000, 0x00000000f1040000)
  from space 1024K, 100% used [0x00000000f1140000, 0x00000000f1240000, 0x00000000f1240000)
  to   space 1024K,   0% used [0x00000000f1040000, 0x00000000f1040000, 0x00000000f1140000)
 tenured generation   total 20960K, used 17757K [0x00000000f5aa0000, 0x00000000f6f18000, 0x0000000100000000)
   the space 20960K,  84% used [0x00000000f5aa0000, 0x00000000f6bf7540, 0x00000000f6bf7600, 0x00000000f6f18000)
 Metaspace       used 19168K, capacity 19746K, committed 20096K, reserved 1067008K
  class space    used 2151K, capacity 2317K, committed 2432K, reserved 1048576K
}
Event: 8.194 GC heap before
{Heap before GC invocations=44 (full 2):
 def new generation   total 9472K, used 9472K [0x00000000f0800000, 0x00000000f1240000, 0x00000000f5aa0000)
  eden space 8448K, 100% used [0x00000000f0800000, 0x00000000f1040000, 0x00000000f1040000)
  from space 1024K, 100% used [0x00000000f1140000, 0x00000000f1240000, 0x00000000f1240000)
  to   space 1024K,   0% used [0x00000000f1040000, 0x00000000f1040000, 0x00000000f1140000)
 tenured generation   total 20960K, used 17757K [0x00000000f5aa0000, 0x00000000f6f18000, 0x0000000100000000)
   the space 20960K,  84% used [0x00000000f5aa0000, 0x00000000f6bf7540, 0x00000000f6bf7600, 0x00000000f6f18000)
 Metaspace       used 21584K, capacity 22212K, committed 22400K, reserved 1069056K
  class space    used 2491K, capacity 2671K, committed 2688K, reserved 1048576K
Event: 8.200 GC heap after
Heap after GC invocations=45 (full 2):
 def new generation   total 9472K, used 718K [0x00000000f0800000, 0x00000000f1240000, 0x00000000f5aa0000)
  eden space 8448K,   0% used [0x00000000f0800000, 0x00000000f0800000, 0x00000000f1040000)
  from space 1024K,  70% used [0x00000000f1040000, 0x00000000f10f3bf8, 0x00000000f1140000)
  to   space 1024K,   0% used [0x00000000f1140000, 0x00000000f1140000, 0x00000000f1240000)
 tenured generation   total 20960K, used 18549K [0x00000000f5aa0000, 0x00000000f6f18000, 0x0000000100000000)
   the space 20960K,  88% used [0x00000000f5aa0000, 0x00000000f6cbd758, 0x00000000f6cbd800, 0x00000000f6f18000)
 Metaspace       used 21584K, capacity 22212K, committed 22400K, reserved 1069056K
  class space    used 2491K, capacity 2671K, committed 2688K, reserved 1048576K
}
Event: 29.301 GC heap before
{Heap before GC invocations=45 (full 2):
 def new generation   total 9472K, used 8154K [0x00000000f0800000, 0x00000000f1240000, 0x00000000f5aa0000)
  eden space 8448K,  88% used [0x00000000f0800000, 0x00000000f0f42e90, 0x00000000f1040000)
  from space 1024K,  70% used [0x00000000f1040000, 0x00000000f10f3bf8, 0x00000000f1140000)
  to   space 1024K,   0% used [0x00000000f1140000, 0x00000000f1140000, 0x00000000f1240000)
 tenured generation   total 20960K, used 18549K [0x00000000f5aa0000, 0x00000000f6f18000, 0x0000000100000000)
   the space 20960K,  88% used [0x00000000f5aa0000, 0x00000000f6cbd758, 0x00000000f6cbd800, 0x00000000f6f18000)
 Metaspace       used 23263K, capacity 23844K, committed 24192K, reserved 1071104K
  class space    used 2653K, capacity 2831K, committed 2944K, reserved 1048576K
Event: 29.307 GC heap after
Heap after GC invocations=46 (full 2):
 def new generation   total 9472K, used 1024K [0x00000000f0800000, 0x00000000f1240000, 0x00000000f5aa0000)
  eden space 8448K,   0% used [0x00000000f0800000, 0x00000000f0800000, 0x00000000f1040000)
  from space 1024K, 100% used [0x00000000f1140000, 0x00000000f1240000, 0x00000000f1240000)
  to   space 1024K,   0% used [0x00000000f1040000, 0x00000000f1040000, 0x00000000f1140000)
 tenured generation   total 20960K, used 19332K [0x00000000f5aa0000, 0x00000000f6f18000, 0x0000000100000000)
   the space 20960K,  92% used [0x00000000f5aa0000, 0x00000000f6d813b0, 0x00000000f6d81400, 0x00000000f6f18000)
 Metaspace       used 23263K, capacity 23844K, committed 24192K, reserved 1071104K
  class space    used 2653K, capacity 2831K, committed 2944K, reserved 1048576K
}
Event: 34.041 GC heap before
{Heap before GC invocations=46 (full 2):
 def new generation   total 9472K, used 9472K [0x00000000f0800000, 0x00000000f1240000, 0x00000000f5aa0000)
  eden space 8448K, 100% used [0x00000000f0800000, 0x00000000f1040000, 0x00000000f1040000)
  from space 1024K, 100% used [0x00000000f1140000, 0x00000000f1240000, 0x00000000f1240000)
  to   space 1024K,   0% used [0x00000000f1040000, 0x00000000f1040000, 0x00000000f1140000)
 tenured generation   total 20960K, used 19332K [0x00000000f5aa0000, 0x00000000f6f18000, 0x0000000100000000)
   the space 20960K,  92% used [0x00000000f5aa0000, 0x00000000f6d813b0, 0x00000000f6d81400, 0x00000000f6f18000)
 Metaspace       used 23282K, capacity 23844K, committed 24192K, reserved 1071104K
  class space    used 2654K, capacity 2831K, committed 2944K, reserved 1048576K

